[0.162s] DEBUG:colcon:Command line arguments: ['/usr/bin/colcon', 'build', '--merge-install', '--base-path', '..', '--cmake-args', '-DCOMMON_CMAKE=/root/app/include/cscv/cmaker/cscv.cmake']
[0.162s] DEBUG:colcon:Parsed command line arguments: Namespace(ament_cmake_args=None, base_paths=['..'], build_base='build', catkin_cmake_args=None, catkin_skip_building_tests=False, cmake_args=['-DCOMMON_CMAKE=/root/app/include/cscv/cmaker/cscv.cmake'], cmake_clean_cache=False, cmake_clean_first=False, cmake_force_configure=False, cmake_target=None, cmake_target_skip_unavailable=False, continue_on_error=False, event_handlers=None, executor='parallel', ignore_user_meta=False, install_base='install', log_base=None, log_level=None, main=<bound method BuildVerb.main of <colcon_core.verb.build.BuildVerb object at 0x7fcf69c92ac0>>, merge_install=True, metas=['./colcon.meta'], packages_above=None, packages_above_and_dependencies=None, packages_above_depth=None, packages_end=None, packages_ignore=None, packages_ignore_regex=None, packages_select=None, packages_select_build_failed=False, packages_select_by_dep=None, packages_select_regex=None, packages_select_test_failures=False, packages_skip=None, packages_skip_build_finished=False, packages_skip_by_dep=None, packages_skip_regex=None, packages_skip_test_passed=False, packages_skip_up_to=None, packages_start=None, packages_up_to=None, packages_up_to_regex=None, parallel_workers=4, paths=None, symlink_install=False, test_result_base=None, verb_extension=<colcon_core.verb.build.BuildVerb object at 0x7fcf69c92ac0>, verb_name='build', verb_parser=<colcon_defaults.argument_parser.defaults.DefaultArgumentsDecorator object at 0x7fcf69c9f070>)
[0.167s] Level 1:colcon.colcon_core.package_discovery:discover_packages(colcon_meta) check parameters
[0.167s] Level 1:colcon.colcon_core.package_discovery:discover_packages(recursive) check parameters
[0.167s] Level 1:colcon.colcon_core.package_discovery:discover_packages(ignore) check parameters
[0.167s] Level 1:colcon.colcon_core.package_discovery:discover_packages(path) check parameters
[0.167s] Level 1:colcon.colcon_core.package_discovery:discover_packages(recursive) discover
[0.167s] INFO:colcon.colcon_core.package_discovery:Crawling recursively for packages in '/root/app/ros2ex/rplidar_ros2'
[0.167s] Level 1:colcon.colcon_core.package_identification:_identify(..) by extensions ['ignore', 'ignore_ament_install']
[0.168s] Level 1:colcon.colcon_core.package_identification:_identify(..) by extension 'ignore'
[0.168s] Level 1:colcon.colcon_core.package_identification:_identify(..) by extension 'ignore_ament_install'
[0.168s] Level 1:colcon.colcon_core.package_identification:_identify(..) by extensions ['colcon_pkg']
[0.168s] Level 1:colcon.colcon_core.package_identification:_identify(..) by extension 'colcon_pkg'
[0.168s] Level 1:colcon.colcon_core.package_identification:_identify(..) by extensions ['colcon_meta']
[0.168s] Level 1:colcon.colcon_core.package_identification:_identify(..) by extension 'colcon_meta'
[0.168s] Level 1:colcon.colcon_core.package_identification:_identify(..) by extensions ['ros']
[0.168s] Level 1:colcon.colcon_core.package_identification:_identify(..) by extension 'ros'
[0.182s] DEBUG:colcon.colcon_core.package_identification:Package '..' with type 'ros.ament_cmake' and name 'rplidar_ros2'
[0.182s] Level 1:colcon.colcon_core.package_discovery:discover_packages(recursive) using defaults
[0.202s] Level 5:colcon.colcon_core.verb:set package 'rplidar_ros2' build argument 'cmake_args' from command line to '['-DCOMMON_CMAKE=/root/app/include/cscv/cmaker/cscv.cmake']'
[0.202s] Level 5:colcon.colcon_core.verb:set package 'rplidar_ros2' build argument 'cmake_target' from command line to 'None'
[0.202s] Level 5:colcon.colcon_core.verb:set package 'rplidar_ros2' build argument 'cmake_target_skip_unavailable' from command line to 'False'
[0.202s] Level 5:colcon.colcon_core.verb:set package 'rplidar_ros2' build argument 'cmake_clean_cache' from command line to 'False'
[0.202s] Level 5:colcon.colcon_core.verb:set package 'rplidar_ros2' build argument 'cmake_clean_first' from command line to 'False'
[0.202s] Level 5:colcon.colcon_core.verb:set package 'rplidar_ros2' build argument 'cmake_force_configure' from command line to 'False'
[0.202s] Level 5:colcon.colcon_core.verb:set package 'rplidar_ros2' build argument 'ament_cmake_args' from command line to 'None'
[0.203s] Level 5:colcon.colcon_core.verb:set package 'rplidar_ros2' build argument 'catkin_cmake_args' from command line to 'None'
[0.203s] Level 5:colcon.colcon_core.verb:set package 'rplidar_ros2' build argument 'catkin_skip_building_tests' from command line to 'False'
[0.203s] DEBUG:colcon.colcon_core.verb:Building package 'rplidar_ros2' with the following arguments: {'ament_cmake_args': None, 'build_base': '/root/app/ros2ex/rplidar_ros2/out/build/rplidar_ros2', 'catkin_cmake_args': None, 'catkin_skip_building_tests': False, 'cmake_args': ['-DCOMMON_CMAKE=/root/app/include/cscv/cmaker/cscv.cmake'], 'cmake_clean_cache': False, 'cmake_clean_first': False, 'cmake_force_configure': False, 'cmake_target': None, 'cmake_target_skip_unavailable': False, 'install_base': '/root/app/ros2ex/rplidar_ros2/out/install', 'merge_install': True, 'path': '/root/app/ros2ex/rplidar_ros2', 'symlink_install': False, 'test_result_base': None}
[0.203s] INFO:colcon.colcon_core.executor:Executing jobs using 'parallel' executor
[0.205s] DEBUG:colcon.colcon_parallel_executor.executor.parallel:run_until_complete
[0.205s] INFO:colcon.colcon_ros.task.ament_cmake.build:Building ROS package in '/root/app/ros2ex/rplidar_ros2' with build type 'ament_cmake'
[0.206s] INFO:colcon.colcon_cmake.task.cmake.build:Building CMake package in '/root/app/ros2ex/rplidar_ros2'
[0.209s] INFO:colcon.colcon_core.plugin_system:Skipping extension 'colcon_core.shell.bat': Not used on non-Windows systems
[0.209s] INFO:colcon.colcon_core.shell:Skip shell extension 'powershell' for command environment: Not usable outside of PowerShell
[0.209s] DEBUG:colcon.colcon_core.shell:Skip shell extension 'dsv' for command environment
[0.211s] DEBUG:colcon.colcon_core.shell:Ignoring prefix path '/opt/ros/foxy'
[0.218s] DEBUG:colcon.colcon_core.event_handler.log_command:Invoking command in '/root/app/ros2ex/rplidar_ros2/out/build/rplidar_ros2': CMAKE_PREFIX_PATH=/opt/ros/foxy /usr/bin/cmake /root/app/ros2ex/rplidar_ros2 -DCOMMON_CMAKE=/root/app/include/cscv/cmaker/cscv.cmake -DCMAKE_INSTALL_PREFIX=/root/app/ros2ex/rplidar_ros2/out/install
[2.190s] DEBUG:colcon.colcon_core.event_handler.log_command:Invoked command in '/root/app/ros2ex/rplidar_ros2/out/build/rplidar_ros2' returned '0': CMAKE_PREFIX_PATH=/opt/ros/foxy /usr/bin/cmake /root/app/ros2ex/rplidar_ros2 -DCOMMON_CMAKE=/root/app/include/cscv/cmaker/cscv.cmake -DCMAKE_INSTALL_PREFIX=/root/app/ros2ex/rplidar_ros2/out/install
[2.193s] DEBUG:colcon.colcon_core.event_handler.log_command:Invoking command in '/root/app/ros2ex/rplidar_ros2/out/build/rplidar_ros2': CMAKE_PREFIX_PATH=/opt/ros/foxy /usr/bin/cmake --build /root/app/ros2ex/rplidar_ros2/out/build/rplidar_ros2 -- -j4 -l4
[10.554s] DEBUG:colcon.colcon_core.event_handler.log_command:Invoked command in '/root/app/ros2ex/rplidar_ros2/out/build/rplidar_ros2' returned '0': CMAKE_PREFIX_PATH=/opt/ros/foxy /usr/bin/cmake --build /root/app/ros2ex/rplidar_ros2/out/build/rplidar_ros2 -- -j4 -l4
[10.600s] DEBUG:colcon.colcon_core.event_handler.log_command:Invoking command in '/root/app/ros2ex/rplidar_ros2/out/build/rplidar_ros2': CMAKE_PREFIX_PATH=/opt/ros/foxy /usr/bin/cmake --install /root/app/ros2ex/rplidar_ros2/out/build/rplidar_ros2
[10.683s] Level 1:colcon.colcon_core.environment:create_environment_scripts_only(rplidar_ros2)
[10.687s] DEBUG:colcon.colcon_core.event_handler.log_command:Invoked command in '/root/app/ros2ex/rplidar_ros2/out/build/rplidar_ros2' returned '0': CMAKE_PREFIX_PATH=/opt/ros/foxy /usr/bin/cmake --install /root/app/ros2ex/rplidar_ros2/out/build/rplidar_ros2
[10.696s] Level 1:colcon.colcon_core.environment:checking '/root/app/ros2ex/rplidar_ros2/out/install' for CMake module files
[10.698s] Level 1:colcon.colcon_core.environment:checking '/root/app/ros2ex/rplidar_ros2/out/install' for CMake config files
[10.698s] Level 1:colcon.colcon_core.shell:create_environment_hook('rplidar_ros2', 'cmake_prefix_path')
[10.700s] INFO:colcon.colcon_core.shell:Creating environment hook '/root/app/ros2ex/rplidar_ros2/out/install/share/rplidar_ros2/hook/cmake_prefix_path.ps1'
[10.702s] INFO:colcon.colcon_core.shell:Creating environment descriptor '/root/app/ros2ex/rplidar_ros2/out/install/share/rplidar_ros2/hook/cmake_prefix_path.dsv'
[10.704s] INFO:colcon.colcon_core.shell:Creating environment hook '/root/app/ros2ex/rplidar_ros2/out/install/share/rplidar_ros2/hook/cmake_prefix_path.sh'
[10.706s] Level 1:colcon.colcon_core.environment:checking '/root/app/ros2ex/rplidar_ros2/out/install/lib'
[10.707s] Level 1:colcon.colcon_core.environment:checking '/root/app/ros2ex/rplidar_ros2/out/install/bin'
[10.707s] Level 1:colcon.colcon_core.environment:checking '/root/app/ros2ex/rplidar_ros2/out/install/lib/pkgconfig/rplidar_ros2.pc'
[10.708s] Level 1:colcon.colcon_core.environment:checking '/root/app/ros2ex/rplidar_ros2/out/install/lib/python3.8/site-packages'
[10.710s] INFO:colcon.colcon_core.shell:Creating package script '/root/app/ros2ex/rplidar_ros2/out/install/share/rplidar_ros2/package.ps1'
[10.712s] INFO:colcon.colcon_core.shell:Creating package descriptor '/root/app/ros2ex/rplidar_ros2/out/install/share/rplidar_ros2/package.dsv'
[10.713s] INFO:colcon.colcon_core.shell:Creating package script '/root/app/ros2ex/rplidar_ros2/out/install/share/rplidar_ros2/package.sh'
[10.714s] INFO:colcon.colcon_core.shell:Creating package script '/root/app/ros2ex/rplidar_ros2/out/install/share/rplidar_ros2/package.bash'
[10.718s] INFO:colcon.colcon_core.shell:Creating package script '/root/app/ros2ex/rplidar_ros2/out/install/share/rplidar_ros2/package.zsh'
[10.719s] Level 1:colcon.colcon_core.environment:create_file_with_runtime_dependencies(/root/app/ros2ex/rplidar_ros2/out/install/share/colcon-core/packages/rplidar_ros2)
[10.757s] Level 1:colcon.colcon_core.environment:create_environment_scripts_only(rplidar_ros2)
[10.758s] Level 1:colcon.colcon_core.environment:checking '/root/app/ros2ex/rplidar_ros2/out/install' for CMake module files
[10.758s] Level 1:colcon.colcon_core.environment:checking '/root/app/ros2ex/rplidar_ros2/out/install' for CMake config files
[10.759s] Level 1:colcon.colcon_core.shell:create_environment_hook('rplidar_ros2', 'cmake_prefix_path')
[10.759s] INFO:colcon.colcon_core.shell:Creating environment hook '/root/app/ros2ex/rplidar_ros2/out/install/share/rplidar_ros2/hook/cmake_prefix_path.ps1'
[10.760s] INFO:colcon.colcon_core.shell:Creating environment descriptor '/root/app/ros2ex/rplidar_ros2/out/install/share/rplidar_ros2/hook/cmake_prefix_path.dsv'
[10.760s] INFO:colcon.colcon_core.shell:Creating environment hook '/root/app/ros2ex/rplidar_ros2/out/install/share/rplidar_ros2/hook/cmake_prefix_path.sh'
[10.761s] Level 1:colcon.colcon_core.environment:checking '/root/app/ros2ex/rplidar_ros2/out/install/lib'
[10.761s] Level 1:colcon.colcon_core.environment:checking '/root/app/ros2ex/rplidar_ros2/out/install/bin'
[10.761s] Level 1:colcon.colcon_core.environment:checking '/root/app/ros2ex/rplidar_ros2/out/install/lib/pkgconfig/rplidar_ros2.pc'
[10.761s] Level 1:colcon.colcon_core.environment:checking '/root/app/ros2ex/rplidar_ros2/out/install/lib/python3.8/site-packages'
[10.762s] INFO:colcon.colcon_core.shell:Creating package script '/root/app/ros2ex/rplidar_ros2/out/install/share/rplidar_ros2/package.ps1'
[10.763s] INFO:colcon.colcon_core.shell:Creating package descriptor '/root/app/ros2ex/rplidar_ros2/out/install/share/rplidar_ros2/package.dsv'
[10.763s] INFO:colcon.colcon_core.shell:Creating package script '/root/app/ros2ex/rplidar_ros2/out/install/share/rplidar_ros2/package.sh'
[10.764s] INFO:colcon.colcon_core.shell:Creating package script '/root/app/ros2ex/rplidar_ros2/out/install/share/rplidar_ros2/package.bash'
[10.764s] INFO:colcon.colcon_core.shell:Creating package script '/root/app/ros2ex/rplidar_ros2/out/install/share/rplidar_ros2/package.zsh'
[10.764s] Level 1:colcon.colcon_core.environment:create_file_with_runtime_dependencies(/root/app/ros2ex/rplidar_ros2/out/install/share/colcon-core/packages/rplidar_ros2)
[10.765s] DEBUG:colcon.colcon_parallel_executor.executor.parallel:closing loop
[10.765s] DEBUG:colcon.colcon_parallel_executor.executor.parallel:loop closed
[10.765s] DEBUG:colcon.colcon_parallel_executor.executor.parallel:run_until_complete finished with '0'
[10.766s] DEBUG:colcon.colcon_core.event_reactor:joining thread
[10.773s] INFO:colcon.colcon_core.plugin_system:Skipping extension 'colcon_notification.desktop_notification.terminal_notifier': Not used on non-Darwin systems
[10.773s] INFO:colcon.colcon_core.plugin_system:Skipping extension 'colcon_notification.desktop_notification.win32': Not used on non-Windows systems
[10.773s] INFO:colcon.colcon_notification.desktop_notification:Sending desktop notification using 'notify2'
[10.790s] DEBUG:colcon.colcon_core.event_reactor:joined thread
[10.791s] INFO:colcon.colcon_core.shell:Creating prefix script '/root/app/ros2ex/rplidar_ros2/out/install/local_setup.ps1'
[10.792s] INFO:colcon.colcon_core.shell:Creating prefix util module '/root/app/ros2ex/rplidar_ros2/out/install/_local_setup_util_ps1.py'
[10.794s] INFO:colcon.colcon_core.shell:Creating prefix chain script '/root/app/ros2ex/rplidar_ros2/out/install/setup.ps1'
[10.796s] INFO:colcon.colcon_core.shell:Creating prefix script '/root/app/ros2ex/rplidar_ros2/out/install/local_setup.sh'
[10.797s] INFO:colcon.colcon_core.shell:Creating prefix util module '/root/app/ros2ex/rplidar_ros2/out/install/_local_setup_util_sh.py'
[10.797s] INFO:colcon.colcon_core.shell:Creating prefix chain script '/root/app/ros2ex/rplidar_ros2/out/install/setup.sh'
[10.800s] INFO:colcon.colcon_core.shell:Creating prefix script '/root/app/ros2ex/rplidar_ros2/out/install/local_setup.bash'
[10.800s] INFO:colcon.colcon_core.shell:Creating prefix chain script '/root/app/ros2ex/rplidar_ros2/out/install/setup.bash'
[10.802s] INFO:colcon.colcon_core.shell:Creating prefix script '/root/app/ros2ex/rplidar_ros2/out/install/local_setup.zsh'
[10.803s] INFO:colcon.colcon_core.shell:Creating prefix chain script '/root/app/ros2ex/rplidar_ros2/out/install/setup.zsh'
