Performing C SOURCE FILE Test CMAKE_HAVE_LIBC_PTHREAD failed with the following output:
Change Dir: /root/app/ros2ex/rplidar_ros2/out/build/rplidar_ros2/CMakeFiles/CMakeTmp

Run Build Command(s):/usr/bin/make cmTC_91c04/fast && /usr/bin/make -f CMakeFiles/cmTC_91c04.dir/build.make CMakeFiles/cmTC_91c04.dir/build
make[1]: Entering directory '/root/app/ros2ex/rplidar_ros2/out/build/rplidar_ros2/CMakeFiles/CMakeTmp'
Building C object CMakeFiles/cmTC_91c04.dir/src.c.o
/usr/bin/cc   -DCMAKE_HAVE_LIBC_PTHREAD   -o CMakeFiles/cmTC_91c04.dir/src.c.o   -c /root/app/ros2ex/rplidar_ros2/out/build/rplidar_ros2/CMakeFiles/CMakeTmp/src.c
Linking C executable cmTC_91c04
/usr/bin/cmake -E cmake_link_script CMakeFiles/cmTC_91c04.dir/link.txt --verbose=1
/usr/bin/cc  -DCMAKE_HAVE_LIBC_PTHREAD    CMakeFiles/cmTC_91c04.dir/src.c.o  -o cmTC_91c04 
CMakeFiles/cmTC_91c04.dir/src.c.o:src.c:function main: error: undefined reference to 'pthread_create'
CMakeFiles/cmTC_91c04.dir/src.c.o:src.c:function main: error: undefined reference to 'pthread_detach'
CMakeFiles/cmTC_91c04.dir/src.c.o:src.c:function main: error: undefined reference to 'pthread_join'
collect2: error: ld returned 1 exit status
make[1]: *** [CMakeFiles/cmTC_91c04.dir/build.make:87: cmTC_91c04] Error 1
make[1]: Leaving directory '/root/app/ros2ex/rplidar_ros2/out/build/rplidar_ros2/CMakeFiles/CMakeTmp'
make: *** [Makefile:121: cmTC_91c04/fast] Error 2


Source file was:
#include <pthread.h>

void* test_func(void* data)
{
  return data;
}

int main(void)
{
  pthread_t thread;
  pthread_create(&thread, NULL, test_func, NULL);
  pthread_detach(thread);
  pthread_join(thread, NULL);
  pthread_atfork(NULL, NULL, NULL);
  pthread_exit(NULL);

  return 0;
}

