-- The C compiler identification is GNU 9.3.0
-- The CXX compiler identification is GNU 9.3.0
-- Check for working C compiler: /usr/bin/cc
-- Check for working C compiler: /usr/bin/cc -- works
-- Detecting C compiler ABI info
-- Detecting C compiler ABI info - done
-- Detecting C compile features
-- Detecting C compile features - done
-- Check for working CXX compiler: /usr/bin/c++
-- Check for working CXX compiler: /usr/bin/c++ -- works
-- Detecting CXX compiler ABI info
-- Detecting CXX compiler ABI info - done
-- Detecting CXX compile features
-- Detecting CXX compile features - done
-- Looking for pthread.h
-- Looking for pthread.h - found
-- Performing Test CMAKE_HAVE_LIBC_PTHREAD
-- Performing Test CMAKE_HAVE_LIBC_PTHREAD - Failed
-- Check if compiler accepts -pthread
-- Check if compiler accepts -pthread - yes
-- Found Threads: TRUE  
-- Found rosidl_default_generators: 1.0.0 (/opt/ros/foxy/share/rosidl_default_generators/cmake)
-- Found ament_cmake_core: 0.9.8 (/opt/ros/foxy/share/ament_cmake_core/cmake)
-- Found PythonInterp: /usr/bin/python3 (found suitable version "3.8.5", minimum required is "3") 
-- Using PYTHON_EXECUTABLE: /usr/bin/python3
-- Using all available rosidl_typesupport_c: rosidl_typesupport_fastrtps_c;rosidl_typesupport_introspection_c
-- Found rosidl_adapter: 1.2.0 (/opt/ros/foxy/share/rosidl_adapter/cmake)
-- Found OpenSSL: /usr/lib/x86_64-linux-gnu/libcrypto.so (found version "1.1.1f")  
-- Found FastRTPS: /opt/ros/foxy/include  
-- Using all available rosidl_typesupport_cpp: rosidl_typesupport_fastrtps_cpp;rosidl_typesupport_introspection_cpp
-- Configuring done
-- Generating done
-- Build files have been written to: /root/app/ros2ex/rplidar_ros2/out/build/rplidar_ros2
[35m[1mScanning dependencies of target rplidarNodeClient[0m
[35m[1mScanning dependencies of target rplidarNode[0m
[ 12%] [32mBuilding CXX object CMakeFiles/rplidarNodeClient.dir/src/client.cpp.o[0m
[ 25%] [32mBuilding CXX object CMakeFiles/rplidarNode.dir/src/node.cpp.o[0m
[ 50%] [32mBuilding CXX object CMakeFiles/rplidarNode.dir/sdk/src/arch/linux/net_serial.cpp.o[0m
[ 50%] [32mBuilding CXX object CMakeFiles/rplidarNode.dir/sdk/src/arch/linux/timer.cpp.o[0m
[ 62%] [32mBuilding CXX object CMakeFiles/rplidarNode.dir/sdk/src/hal/thread.cpp.o[0m
[ 75%] [32mBuilding CXX object CMakeFiles/rplidarNode.dir/sdk/src/rplidar_driver.cpp.o[0m
[ 87%] [32m[1mLinking CXX executable ../../rplidarNode[0m
[ 87%] Built target rplidarNode
[100%] [32m[1mLinking CXX executable ../../rplidarNodeClient[0m
[100%] Built target rplidarNodeClient
-- Install configuration: ""
-- Installing: /root/app/ros2ex/rplidar_ros2/out/install/lib/rplidar_ros2/rplidarNode
-- Set runtime path of "/root/app/ros2ex/rplidar_ros2/out/install/lib/rplidar_ros2/rplidarNode" to ""
-- Installing: /root/app/ros2ex/rplidar_ros2/out/install/lib/rplidar_ros2/rplidarNodeClient
-- Set runtime path of "/root/app/ros2ex/rplidar_ros2/out/install/lib/rplidar_ros2/rplidarNodeClient" to ""
-- Installing: /root/app/ros2ex/rplidar_ros2/out/install/share/rplidar_ros2/launch
-- Installing: /root/app/ros2ex/rplidar_ros2/out/install/share/rplidar_ros2/launch/view_rplidar.launch
-- Installing: /root/app/ros2ex/rplidar_ros2/out/install/share/rplidar_ros2/launch/rplidar.launch.py
-- Installing: /root/app/ros2ex/rplidar_ros2/out/install/share/ament_index/resource_index/package_run_dependencies/rplidar_ros2
-- Installing: /root/app/ros2ex/rplidar_ros2/out/install/share/ament_index/resource_index/parent_prefix_path/rplidar_ros2
-- Installing: /root/app/ros2ex/rplidar_ros2/out/install/share/rplidar_ros2/environment/ament_prefix_path.sh
-- Installing: /root/app/ros2ex/rplidar_ros2/out/install/share/rplidar_ros2/environment/ament_prefix_path.dsv
-- Installing: /root/app/ros2ex/rplidar_ros2/out/install/share/rplidar_ros2/environment/path.sh
-- Installing: /root/app/ros2ex/rplidar_ros2/out/install/share/rplidar_ros2/environment/path.dsv
-- Installing: /root/app/ros2ex/rplidar_ros2/out/install/share/rplidar_ros2/local_setup.bash
-- Installing: /root/app/ros2ex/rplidar_ros2/out/install/share/rplidar_ros2/local_setup.sh
-- Installing: /root/app/ros2ex/rplidar_ros2/out/install/share/rplidar_ros2/local_setup.zsh
-- Installing: /root/app/ros2ex/rplidar_ros2/out/install/share/rplidar_ros2/local_setup.dsv
-- Installing: /root/app/ros2ex/rplidar_ros2/out/install/share/rplidar_ros2/package.dsv
-- Installing: /root/app/ros2ex/rplidar_ros2/out/install/share/ament_index/resource_index/packages/rplidar_ros2
-- Installing: /root/app/ros2ex/rplidar_ros2/out/install/share/rplidar_ros2/cmake/rplidar_ros2Config.cmake
-- Installing: /root/app/ros2ex/rplidar_ros2/out/install/share/rplidar_ros2/cmake/rplidar_ros2Config-version.cmake
-- Installing: /root/app/ros2ex/rplidar_ros2/out/install/share/rplidar_ros2/package.xml
