-- The C compiler identification is GNU 9.3.0
-- The CXX compiler identification is GNU 9.3.0
-- Check for working C compiler: /usr/bin/cc
-- Check for working C compiler: /usr/bin/cc -- works
-- Detecting C compiler ABI info
-- Detecting C compiler ABI info - done
-- Detecting C compile features
-- Detecting C compile features - done
-- Check for working CXX compiler: /usr/bin/c++
-- Check for working CXX compiler: /usr/bin/c++ -- works
-- Detecting CXX compiler ABI info
-- Detecting CXX compiler ABI info - done
-- Detecting CXX compile features
-- Detecting CXX compile features - done
-- Looking for pthread.h
-- Looking for pthread.h - found
-- Performing Test CMAKE_HAVE_LIBC_PTHREAD
-- Performing Test CMAKE_HAVE_LIBC_PTHREAD - Failed
-- Check if compiler accepts -pthread
-- Check if compiler accepts -pthread - yes
-- Found Threads: TRUE  
Platform: UNIX
Platform: UNIX
Platform: UNIX
Platform: UNIX
Platform: UNIX
Platform: UNIX
Linked libraries
	/usr/lib/x86_64-linux-gnu/liboctomap.so
	/usr/lib/x86_64-linux-gnu/liboctomath.so
	/usr/lib/x86_64-linux-gnu/liboctovis.so
	/usr/lib/x86_64-linux-gnu/libdynamicedt3d.so
	/opt/ros/foxy/lib/libDepthImageToLaserScan.so
	/opt/ros/foxy/lib/libDepthImageToLaserScanROS.so
	/opt/ros/foxy/lib/libaction_msgs__python.so
	/opt/ros/foxy/lib/libaction_msgs__rosidl_generator_c.so
	/opt/ros/foxy/lib/libaction_msgs__rosidl_typesupport_c.so
	/opt/ros/foxy/lib/libaction_msgs__rosidl_typesupport_connext_c.so
	/opt/ros/foxy/lib/libaction_msgs__rosidl_typesupport_connext_cpp.so
	/opt/ros/foxy/lib/libaction_msgs__rosidl_typesupport_cpp.so
	/opt/ros/foxy/lib/libaction_msgs__rosidl_typesupport_fastrtps_c.so
	/opt/ros/foxy/lib/libaction_msgs__rosidl_typesupport_fastrtps_cpp.so
	/opt/ros/foxy/lib/libaction_msgs__rosidl_typesupport_introspection_c.so
	/opt/ros/foxy/lib/libaction_msgs__rosidl_typesupport_introspection_cpp.so
	/opt/ros/foxy/lib/libaction_tutorials.so
	/opt/ros/foxy/lib/libaction_tutorials_interfaces__python.so
	/opt/ros/foxy/lib/libaction_tutorials_interfaces__rosidl_generator_c.so
	/opt/ros/foxy/lib/libaction_tutorials_interfaces__rosidl_typesupport_c.so
	/opt/ros/foxy/lib/libaction_tutorials_interfaces__rosidl_typesupport_connext_c.so
	/opt/ros/foxy/lib/libaction_tutorials_interfaces__rosidl_typesupport_connext_cpp.so
	/opt/ros/foxy/lib/libaction_tutorials_interfaces__rosidl_typesupport_cpp.so
	/opt/ros/foxy/lib/libaction_tutorials_interfaces__rosidl_typesupport_fastrtps_c.so
	/opt/ros/foxy/lib/libaction_tutorials_interfaces__rosidl_typesupport_fastrtps_cpp.so
	/opt/ros/foxy/lib/libaction_tutorials_interfaces__rosidl_typesupport_introspection_c.so
	/opt/ros/foxy/lib/libaction_tutorials_interfaces__rosidl_typesupport_introspection_cpp.so
	/opt/ros/foxy/lib/libactionlib_msgs__python.so
	/opt/ros/foxy/lib/libactionlib_msgs__rosidl_generator_c.so
	/opt/ros/foxy/lib/libactionlib_msgs__rosidl_typesupport_c.so
	/opt/ros/foxy/lib/libactionlib_msgs__rosidl_typesupport_connext_c.so
	/opt/ros/foxy/lib/libactionlib_msgs__rosidl_typesupport_connext_cpp.so
	/opt/ros/foxy/lib/libactionlib_msgs__rosidl_typesupport_cpp.so
	/opt/ros/foxy/lib/libactionlib_msgs__rosidl_typesupport_fastrtps_c.so
	/opt/ros/foxy/lib/libactionlib_msgs__rosidl_typesupport_fastrtps_cpp.so
	/opt/ros/foxy/lib/libactionlib_msgs__rosidl_typesupport_introspection_c.so
	/opt/ros/foxy/lib/libactionlib_msgs__rosidl_typesupport_introspection_cpp.so
	/opt/ros/foxy/lib/libamcl_core.so
	/opt/ros/foxy/lib/libament_index_cpp.so
	/opt/ros/foxy/lib/libasync_slam_toolbox.so
	/opt/ros/foxy/lib/libbehaviortree_cpp_v3.so
	/opt/ros/foxy/lib/libbt_navigator_core.so
	/opt/ros/foxy/lib/libbuiltin_interfaces__python.so
	/opt/ros/foxy/lib/libbuiltin_interfaces__rosidl_generator_c.so
	/opt/ros/foxy/lib/libbuiltin_interfaces__rosidl_typesupport_c.so
	/opt/ros/foxy/lib/libbuiltin_interfaces__rosidl_typesupport_connext_c.so
	/opt/ros/foxy/lib/libbuiltin_interfaces__rosidl_typesupport_connext_cpp.so
	/opt/ros/foxy/lib/libbuiltin_interfaces__rosidl_typesupport_cpp.so
	/opt/ros/foxy/lib/libbuiltin_interfaces__rosidl_typesupport_fastrtps_c.so
	/opt/ros/foxy/lib/libbuiltin_interfaces__rosidl_typesupport_fastrtps_cpp.so
	/opt/ros/foxy/lib/libbuiltin_interfaces__rosidl_typesupport_introspection_c.so
	/opt/ros/foxy/lib/libbuiltin_interfaces__rosidl_typesupport_introspection_cpp.so
	/opt/ros/foxy/lib/libcamera_calibration_parsers.so
	/opt/ros/foxy/lib/libcamera_info_manager.so
	/opt/ros/foxy/lib/libcartographer_ros_msgs__python.so
	/opt/ros/foxy/lib/libcartographer_ros_msgs__rosidl_generator_c.so
	/opt/ros/foxy/lib/libcartographer_ros_msgs__rosidl_typesupport_c.so
	/opt/ros/foxy/lib/libcartographer_ros_msgs__rosidl_typesupport_connext_c.so
	/opt/ros/foxy/lib/libcartographer_ros_msgs__rosidl_typesupport_connext_cpp.so
	/opt/ros/foxy/lib/libcartographer_ros_msgs__rosidl_typesupport_cpp.so
	/opt/ros/foxy/lib/libcartographer_ros_msgs__rosidl_typesupport_fastrtps_c.so
	/opt/ros/foxy/lib/libcartographer_ros_msgs__rosidl_typesupport_fastrtps_cpp.so
	/opt/ros/foxy/lib/libcartographer_ros_msgs__rosidl_typesupport_introspection_c.so
	/opt/ros/foxy/lib/libcartographer_ros_msgs__rosidl_typesupport_introspection_cpp.so
	/opt/ros/foxy/lib/libceres_solver_plugin.so
	/opt/ros/foxy/lib/libclass_loader.so
	/opt/ros/foxy/lib/libclient_component.so
	/opt/ros/foxy/lib/libcomponent_manager.so
	/opt/ros/foxy/lib/libcomposition_interfaces__python.so
	/opt/ros/foxy/lib/libcomposition_interfaces__rosidl_generator_c.so
	/opt/ros/foxy/lib/libcomposition_interfaces__rosidl_typesupport_c.so
	/opt/ros/foxy/lib/libcomposition_interfaces__rosidl_typesupport_connext_c.so
	/opt/ros/foxy/lib/libcomposition_interfaces__rosidl_typesupport_connext_cpp.so
	/opt/ros/foxy/lib/libcomposition_interfaces__rosidl_typesupport_cpp.so
	/opt/ros/foxy/lib/libcomposition_interfaces__rosidl_typesupport_fastrtps_c.so
	/opt/ros/foxy/lib/libcomposition_interfaces__rosidl_typesupport_fastrtps_cpp.so
	/opt/ros/foxy/lib/libcomposition_interfaces__rosidl_typesupport_introspection_c.so
	/opt/ros/foxy/lib/libcomposition_interfaces__rosidl_typesupport_introspection_cpp.so
	/opt/ros/foxy/lib/libcomposition_nodes.so
	/opt/ros/foxy/lib/libcontrol_msgs__python.so
	/opt/ros/foxy/lib/libcontrol_msgs__rosidl_generator_c.so
	/opt/ros/foxy/lib/libcontrol_msgs__rosidl_typesupport_c.so
	/opt/ros/foxy/lib/libcontrol_msgs__rosidl_typesupport_connext_c.so
	/opt/ros/foxy/lib/libcontrol_msgs__rosidl_typesupport_connext_cpp.so
	/opt/ros/foxy/lib/libcontrol_msgs__rosidl_typesupport_cpp.so
	/opt/ros/foxy/lib/libcontrol_msgs__rosidl_typesupport_fastrtps_c.so
	/opt/ros/foxy/lib/libcontrol_msgs__rosidl_typesupport_fastrtps_cpp.so
	/opt/ros/foxy/lib/libcontrol_msgs__rosidl_typesupport_introspection_c.so
	/opt/ros/foxy/lib/libcontrol_msgs__rosidl_typesupport_introspection_cpp.so
	/opt/ros/foxy/lib/libconversions.so
	/opt/ros/foxy/lib/libconverter_test_plugins.so
	/opt/ros/foxy/lib/libcv_bridge.so
	/opt/ros/foxy/lib/libdiagnostic_msgs__python.so
	/opt/ros/foxy/lib/libdiagnostic_msgs__rosidl_generator_c.so
	/opt/ros/foxy/lib/libdiagnostic_msgs__rosidl_typesupport_c.so
	/opt/ros/foxy/lib/libdiagnostic_msgs__rosidl_typesupport_connext_c.so
	/opt/ros/foxy/lib/libdiagnostic_msgs__rosidl_typesupport_connext_cpp.so
	/opt/ros/foxy/lib/libdiagnostic_msgs__rosidl_typesupport_cpp.so
	/opt/ros/foxy/lib/libdiagnostic_msgs__rosidl_typesupport_fastrtps_c.so
	/opt/ros/foxy/lib/libdiagnostic_msgs__rosidl_typesupport_fastrtps_cpp.so
	/opt/ros/foxy/lib/libdiagnostic_msgs__rosidl_typesupport_introspection_c.so
	/opt/ros/foxy/lib/libdiagnostic_msgs__rosidl_typesupport_introspection_cpp.so
	/opt/ros/foxy/lib/libdwb_core.so
	/opt/ros/foxy/lib/libdwb_critics.so
	/opt/ros/foxy/lib/libdwb_msgs__python.so
	/opt/ros/foxy/lib/libdwb_msgs__rosidl_generator_c.so
	/opt/ros/foxy/lib/libdwb_msgs__rosidl_typesupport_c.so
	/opt/ros/foxy/lib/libdwb_msgs__rosidl_typesupport_connext_c.so
	/opt/ros/foxy/lib/libdwb_msgs__rosidl_typesupport_connext_cpp.so
	/opt/ros/foxy/lib/libdwb_msgs__rosidl_typesupport_cpp.so
	/opt/ros/foxy/lib/libdwb_msgs__rosidl_typesupport_fastrtps_c.so
	/opt/ros/foxy/lib/libdwb_msgs__rosidl_typesupport_fastrtps_cpp.so
	/opt/ros/foxy/lib/libdwb_msgs__rosidl_typesupport_introspection_c.so
	/opt/ros/foxy/lib/libdwb_msgs__rosidl_typesupport_introspection_cpp.so
	/opt/ros/foxy/lib/libdynamicedt3d.so
	/opt/ros/foxy/lib/libdynamixel_sdk.so
	/opt/ros/foxy/lib/libexample_interfaces__python.so
	/opt/ros/foxy/lib/libexample_interfaces__rosidl_generator_c.so
	/opt/ros/foxy/lib/libexample_interfaces__rosidl_typesupport_c.so
	/opt/ros/foxy/lib/libexample_interfaces__rosidl_typesupport_connext_c.so
	/opt/ros/foxy/lib/libexample_interfaces__rosidl_typesupport_connext_cpp.so
	/opt/ros/foxy/lib/libexample_interfaces__rosidl_typesupport_cpp.so
	/opt/ros/foxy/lib/libexample_interfaces__rosidl_typesupport_fastrtps_c.so
	/opt/ros/foxy/lib/libexample_interfaces__rosidl_typesupport_fastrtps_cpp.so
	/opt/ros/foxy/lib/libexample_interfaces__rosidl_typesupport_introspection_c.so
	/opt/ros/foxy/lib/libexample_interfaces__rosidl_typesupport_introspection_cpp.so
	/opt/ros/foxy/lib/libfastcdr.so
	/opt/ros/foxy/lib/libfastrtps.so
	/opt/ros/foxy/lib/libgazebo_msgs__python.so
	/opt/ros/foxy/lib/libgazebo_msgs__rosidl_generator_c.so
	/opt/ros/foxy/lib/libgazebo_msgs__rosidl_typesupport_c.so
	/opt/ros/foxy/lib/libgazebo_msgs__rosidl_typesupport_connext_c.so
	/opt/ros/foxy/lib/libgazebo_msgs__rosidl_typesupport_connext_cpp.so
	/opt/ros/foxy/lib/libgazebo_msgs__rosidl_typesupport_cpp.so
	/opt/ros/foxy/lib/libgazebo_msgs__rosidl_typesupport_fastrtps_c.so
	/opt/ros/foxy/lib/libgazebo_msgs__rosidl_typesupport_fastrtps_cpp.so
	/opt/ros/foxy/lib/libgazebo_msgs__rosidl_typesupport_introspection_c.so
	/opt/ros/foxy/lib/libgazebo_msgs__rosidl_typesupport_introspection_cpp.so
	/opt/ros/foxy/lib/libgazebo_ros_ackermann_drive.so
	/opt/ros/foxy/lib/libgazebo_ros_bumper.so
	/opt/ros/foxy/lib/libgazebo_ros_camera.so
	/opt/ros/foxy/lib/libgazebo_ros_diff_drive.so
	/opt/ros/foxy/lib/libgazebo_ros_elevator.so
	/opt/ros/foxy/lib/libgazebo_ros_factory.so
	/opt/ros/foxy/lib/libgazebo_ros_force.so
	/opt/ros/foxy/lib/libgazebo_ros_force_system.so
	/opt/ros/foxy/lib/libgazebo_ros_ft_sensor.so
	/opt/ros/foxy/lib/libgazebo_ros_gps_sensor.so
	/opt/ros/foxy/lib/libgazebo_ros_hand_of_god.so
	/opt/ros/foxy/lib/libgazebo_ros_harness.so
	/opt/ros/foxy/lib/libgazebo_ros_imu_sensor.so
	/opt/ros/foxy/lib/libgazebo_ros_init.so
	/opt/ros/foxy/lib/libgazebo_ros_joint_pose_trajectory.so
	/opt/ros/foxy/lib/libgazebo_ros_joint_state_publisher.so
	/opt/ros/foxy/lib/libgazebo_ros_node.so
	/opt/ros/foxy/lib/libgazebo_ros_p3d.so
	/opt/ros/foxy/lib/libgazebo_ros_planar_move.so
	/opt/ros/foxy/lib/libgazebo_ros_projector.so
	/opt/ros/foxy/lib/libgazebo_ros_properties.so
	/opt/ros/foxy/lib/libgazebo_ros_ray_sensor.so
	/opt/ros/foxy/lib/libgazebo_ros_state.so
	/opt/ros/foxy/lib/libgazebo_ros_template.so
	/opt/ros/foxy/lib/libgazebo_ros_tricycle_drive.so
	/opt/ros/foxy/lib/libgazebo_ros_utils.so
	/opt/ros/foxy/lib/libgazebo_ros_vacuum_gripper.so
	/opt/ros/foxy/lib/libgazebo_ros_video.so
	/opt/ros/foxy/lib/libgeometry_msgs__python.so
	/opt/ros/foxy/lib/libgeometry_msgs__rosidl_generator_c.so
	/opt/ros/foxy/lib/libgeometry_msgs__rosidl_typesupport_c.so
	/opt/ros/foxy/lib/libgeometry_msgs__rosidl_typesupport_connext_c.so
	/opt/ros/foxy/lib/libgeometry_msgs__rosidl_typesupport_connext_cpp.so
	/opt/ros/foxy/lib/libgeometry_msgs__rosidl_typesupport_cpp.so
	/opt/ros/foxy/lib/libgeometry_msgs__rosidl_typesupport_fastrtps_c.so
	/opt/ros/foxy/lib/libgeometry_msgs__rosidl_typesupport_fastrtps_cpp.so
	/opt/ros/foxy/lib/libgeometry_msgs__rosidl_typesupport_introspection_c.so
	/opt/ros/foxy/lib/libgeometry_msgs__rosidl_typesupport_introspection_cpp.so
	/opt/ros/foxy/lib/libimage_geometry.so
	/opt/ros/foxy/lib/libimage_transport.so
	/opt/ros/foxy/lib/libimage_transport_plugins.so
	/opt/ros/foxy/lib/libimagetools.so
	/opt/ros/foxy/lib/libinteractive_markers.so
	/opt/ros/foxy/lib/libjoy.so
	/opt/ros/foxy/lib/libkartoSlamToolbox.so
	/opt/ros/foxy/lib/libkdl_parser.so
	/opt/ros/foxy/lib/liblaser_geometry.so
	/opt/ros/foxy/lib/liblayers.so
	/opt/ros/foxy/lib/liblibstatistics_collector.so
	/opt/ros/foxy/lib/liblibstatistics_collector_test_msgs__python.so
	/opt/ros/foxy/lib/liblibstatistics_collector_test_msgs__rosidl_generator_c.so
	/opt/ros/foxy/lib/liblibstatistics_collector_test_msgs__rosidl_typesupport_c.so
	/opt/ros/foxy/lib/liblibstatistics_collector_test_msgs__rosidl_typesupport_connext_c.so
	/opt/ros/foxy/lib/liblibstatistics_collector_test_msgs__rosidl_typesupport_connext_cpp.so
	/opt/ros/foxy/lib/liblibstatistics_collector_test_msgs__rosidl_typesupport_cpp.so
	/opt/ros/foxy/lib/liblibstatistics_collector_test_msgs__rosidl_typesupport_fastrtps_c.so
	/opt/ros/foxy/lib/liblibstatistics_collector_test_msgs__rosidl_typesupport_fastrtps_cpp.so
	/opt/ros/foxy/lib/liblibstatistics_collector_test_msgs__rosidl_typesupport_introspection_c.so
	/opt/ros/foxy/lib/liblibstatistics_collector_test_msgs__rosidl_typesupport_introspection_cpp.so
	/opt/ros/foxy/lib/liblifecycle_msgs__python.so
	/opt/ros/foxy/lib/liblifecycle_msgs__rosidl_generator_c.so
	/opt/ros/foxy/lib/liblifecycle_msgs__rosidl_typesupport_c.so
	/opt/ros/foxy/lib/liblifecycle_msgs__rosidl_typesupport_connext_c.so
	/opt/ros/foxy/lib/liblifecycle_msgs__rosidl_typesupport_connext_cpp.so
	/opt/ros/foxy/lib/liblifecycle_msgs__rosidl_typesupport_cpp.so
	/opt/ros/foxy/lib/liblifecycle_msgs__rosidl_typesupport_fastrtps_c.so
	/opt/ros/foxy/lib/liblifecycle_msgs__rosidl_typesupport_fastrtps_cpp.so
	/opt/ros/foxy/lib/liblifecycle_msgs__rosidl_typesupport_introspection_c.so
	/opt/ros/foxy/lib/liblifecycle_msgs__rosidl_typesupport_introspection_cpp.so
	/opt/ros/foxy/lib/liblifelong_slam_toolbox.so
	/opt/ros/foxy/lib/liblistener_component.so
	/opt/ros/foxy/lib/liblocalization_slam_toolbox.so
	/opt/ros/foxy/lib/liblogger_config_component.so
	/opt/ros/foxy/lib/liblogger_usage_component.so
	/opt/ros/foxy/lib/liblogging_demo__python.so
	/opt/ros/foxy/lib/liblogging_demo__rosidl_generator_c.so
	/opt/ros/foxy/lib/liblogging_demo__rosidl_typesupport_c.so
	/opt/ros/foxy/lib/liblogging_demo__rosidl_typesupport_connext_c.so
	/opt/ros/foxy/lib/liblogging_demo__rosidl_typesupport_connext_cpp.so
	/opt/ros/foxy/lib/liblogging_demo__rosidl_typesupport_cpp.so
	/opt/ros/foxy/lib/liblogging_demo__rosidl_typesupport_fastrtps_c.so
	/opt/ros/foxy/lib/liblogging_demo__rosidl_typesupport_fastrtps_cpp.so
	/opt/ros/foxy/lib/liblogging_demo__rosidl_typesupport_introspection_c.so
	/opt/ros/foxy/lib/liblogging_demo__rosidl_typesupport_introspection_cpp.so
	/opt/ros/foxy/lib/libmap_io.so
	/opt/ros/foxy/lib/libmap_lib.so
	/opt/ros/foxy/lib/libmap_msgs__python.so
	/opt/ros/foxy/lib/libmap_msgs__rosidl_generator_c.so
	/opt/ros/foxy/lib/libmap_msgs__rosidl_typesupport_c.so
	/opt/ros/foxy/lib/libmap_msgs__rosidl_typesupport_connext_c.so
	/opt/ros/foxy/lib/libmap_msgs__rosidl_typesupport_connext_cpp.so
	/opt/ros/foxy/lib/libmap_msgs__rosidl_typesupport_cpp.so
	/opt/ros/foxy/lib/libmap_msgs__rosidl_typesupport_fastrtps_c.so
	/opt/ros/foxy/lib/libmap_msgs__rosidl_typesupport_fastrtps_cpp.so
	/opt/ros/foxy/lib/libmap_msgs__rosidl_typesupport_introspection_c.so
	/opt/ros/foxy/lib/libmap_msgs__rosidl_typesupport_introspection_cpp.so
	/opt/ros/foxy/lib/libmap_server_core.so
	/opt/ros/foxy/lib/libmessage_filters.so
	/opt/ros/foxy/lib/libmotions_lib.so
	/opt/ros/foxy/lib/libmove_base_msgs__python.so
	/opt/ros/foxy/lib/libmove_base_msgs__rosidl_generator_c.so
	/opt/ros/foxy/lib/libmove_base_msgs__rosidl_typesupport_c.so
	/opt/ros/foxy/lib/libmove_base_msgs__rosidl_typesupport_connext_c.so
	/opt/ros/foxy/lib/libmove_base_msgs__rosidl_typesupport_connext_cpp.so
	/opt/ros/foxy/lib/libmove_base_msgs__rosidl_typesupport_cpp.so
	/opt/ros/foxy/lib/libmove_base_msgs__rosidl_typesupport_fastrtps_c.so
	/opt/ros/foxy/lib/libmove_base_msgs__rosidl_typesupport_fastrtps_cpp.so
	/opt/ros/foxy/lib/libmove_base_msgs__rosidl_typesupport_introspection_c.so
	/opt/ros/foxy/lib/libmove_base_msgs__rosidl_typesupport_introspection_cpp.so
	/opt/ros/foxy/lib/libmulti_camera_plugin.so
	/opt/ros/foxy/lib/libnav2_back_up_action_bt_node.so
	/opt/ros/foxy/lib/libnav2_backup_recovery.so
	/opt/ros/foxy/lib/libnav2_behavior_tree.so
	/opt/ros/foxy/lib/libnav2_clear_costmap_service_bt_node.so
	/opt/ros/foxy/lib/libnav2_compute_path_to_pose_action_bt_node.so
	/opt/ros/foxy/lib/libnav2_costmap_2d_client.so
	/opt/ros/foxy/lib/libnav2_costmap_2d_core.so
	/opt/ros/foxy/lib/libnav2_distance_controller_bt_node.so
	/opt/ros/foxy/lib/libnav2_distance_traveled_condition_bt_node.so
	/opt/ros/foxy/lib/libnav2_follow_path_action_bt_node.so
	/opt/ros/foxy/lib/libnav2_goal_reached_condition_bt_node.so
	/opt/ros/foxy/lib/libnav2_goal_updated_condition_bt_node.so
	/opt/ros/foxy/lib/libnav2_goal_updater_node_bt_node.so
	/opt/ros/foxy/lib/libnav2_initial_pose_received_condition_bt_node.so
	/opt/ros/foxy/lib/libnav2_is_battery_low_condition_bt_node.so
	/opt/ros/foxy/lib/libnav2_is_stuck_condition_bt_node.so
	/opt/ros/foxy/lib/libnav2_lifecycle_manager_core.so
	/opt/ros/foxy/lib/libnav2_msgs__python.so
	/opt/ros/foxy/lib/libnav2_msgs__rosidl_generator_c.so
	/opt/ros/foxy/lib/libnav2_msgs__rosidl_typesupport_c.so
	/opt/ros/foxy/lib/libnav2_msgs__rosidl_typesupport_connext_c.so
	/opt/ros/foxy/lib/libnav2_msgs__rosidl_typesupport_connext_cpp.so
	/opt/ros/foxy/lib/libnav2_msgs__rosidl_typesupport_cpp.so
	/opt/ros/foxy/lib/libnav2_msgs__rosidl_typesupport_fastrtps_c.so
	/opt/ros/foxy/lib/libnav2_msgs__rosidl_typesupport_fastrtps_cpp.so
	/opt/ros/foxy/lib/libnav2_msgs__rosidl_typesupport_introspection_c.so
	/opt/ros/foxy/lib/libnav2_msgs__rosidl_typesupport_introspection_cpp.so
	/opt/ros/foxy/lib/libnav2_navfn_planner.so
	/opt/ros/foxy/lib/libnav2_navigate_to_pose_action_bt_node.so
	/opt/ros/foxy/lib/libnav2_pipeline_sequence_bt_node.so
	/opt/ros/foxy/lib/libnav2_rate_controller_bt_node.so
	/opt/ros/foxy/lib/libnav2_recovery_node_bt_node.so
	/opt/ros/foxy/lib/libnav2_reinitialize_global_localization_service_bt_node.so
	/opt/ros/foxy/lib/libnav2_round_robin_node_bt_node.so
	/opt/ros/foxy/lib/libnav2_rviz_plugins.so
	/opt/ros/foxy/lib/libnav2_speed_controller_bt_node.so
	/opt/ros/foxy/lib/libnav2_spin_action_bt_node.so
	/opt/ros/foxy/lib/libnav2_spin_recovery.so
	/opt/ros/foxy/lib/libnav2_time_expired_condition_bt_node.so
	/opt/ros/foxy/lib/libnav2_transform_available_condition_bt_node.so
	/opt/ros/foxy/lib/libnav2_truncate_path_action_bt_node.so
	/opt/ros/foxy/lib/libnav2_util_core.so
	/opt/ros/foxy/lib/libnav2_wait_action_bt_node.so
	/opt/ros/foxy/lib/libnav2_wait_recovery.so
	/opt/ros/foxy/lib/libnav_2d_msgs__python.so
	/opt/ros/foxy/lib/libnav_2d_msgs__rosidl_generator_c.so
	/opt/ros/foxy/lib/libnav_2d_msgs__rosidl_typesupport_c.so
	/opt/ros/foxy/lib/libnav_2d_msgs__rosidl_typesupport_connext_c.so
	/opt/ros/foxy/lib/libnav_2d_msgs__rosidl_typesupport_connext_cpp.so
	/opt/ros/foxy/lib/libnav_2d_msgs__rosidl_typesupport_cpp.so
	/opt/ros/foxy/lib/libnav_2d_msgs__rosidl_typesupport_fastrtps_c.so
	/opt/ros/foxy/lib/libnav_2d_msgs__rosidl_typesupport_fastrtps_cpp.so
	/opt/ros/foxy/lib/libnav_2d_msgs__rosidl_typesupport_introspection_c.so
	/opt/ros/foxy/lib/libnav_2d_msgs__rosidl_typesupport_introspection_cpp.so
	/opt/ros/foxy/lib/libnav_msgs__python.so
	/opt/ros/foxy/lib/libnav_msgs__rosidl_generator_c.so
	/opt/ros/foxy/lib/libnav_msgs__rosidl_typesupport_c.so
	/opt/ros/foxy/lib/libnav_msgs__rosidl_typesupport_connext_c.so
	/opt/ros/foxy/lib/libnav_msgs__rosidl_typesupport_connext_cpp.so
	/opt/ros/foxy/lib/libnav_msgs__rosidl_typesupport_cpp.so
	/opt/ros/foxy/lib/libnav_msgs__rosidl_typesupport_fastrtps_c.so
	/opt/ros/foxy/lib/libnav_msgs__rosidl_typesupport_fastrtps_cpp.so
	/opt/ros/foxy/lib/libnav_msgs__rosidl_typesupport_introspection_c.so
	/opt/ros/foxy/lib/libnav_msgs__rosidl_typesupport_introspection_cpp.so
	/opt/ros/foxy/lib/libnode_like_listener_component.so
	/opt/ros/foxy/lib/liboctomap.so
	/opt/ros/foxy/lib/liboctomap_msgs__python.so
	/opt/ros/foxy/lib/liboctomap_msgs__rosidl_generator_c.so
	/opt/ros/foxy/lib/liboctomap_msgs__rosidl_typesupport_c.so
	/opt/ros/foxy/lib/liboctomap_msgs__rosidl_typesupport_connext_c.so
	/opt/ros/foxy/lib/liboctomap_msgs__rosidl_typesupport_connext_cpp.so
	/opt/ros/foxy/lib/liboctomap_msgs__rosidl_typesupport_cpp.so
	/opt/ros/foxy/lib/liboctomap_msgs__rosidl_typesupport_fastrtps_c.so
	/opt/ros/foxy/lib/liboctomap_msgs__rosidl_typesupport_fastrtps_cpp.so
	/opt/ros/foxy/lib/liboctomap_msgs__rosidl_typesupport_introspection_c.so
	/opt/ros/foxy/lib/liboctomap_msgs__rosidl_typesupport_introspection_cpp.so
	/opt/ros/foxy/lib/liboctomath.so
	/opt/ros/foxy/lib/liboctovis.so
	/opt/ros/foxy/lib/liborocos-kdl.so
	/opt/ros/foxy/lib/libparameters_library.so
	/opt/ros/foxy/lib/libpath_ops.so
	/opt/ros/foxy/lib/libpcl_msgs__python.so
	/opt/ros/foxy/lib/libpcl_msgs__rosidl_generator_c.so
	/opt/ros/foxy/lib/libpcl_msgs__rosidl_typesupport_c.so
	/opt/ros/foxy/lib/libpcl_msgs__rosidl_typesupport_connext_c.so
	/opt/ros/foxy/lib/libpcl_msgs__rosidl_typesupport_connext_cpp.so
	/opt/ros/foxy/lib/libpcl_msgs__rosidl_typesupport_cpp.so
	/opt/ros/foxy/lib/libpcl_msgs__rosidl_typesupport_fastrtps_c.so
	/opt/ros/foxy/lib/libpcl_msgs__rosidl_typesupport_fastrtps_cpp.so
	/opt/ros/foxy/lib/libpcl_msgs__rosidl_typesupport_introspection_c.so
	/opt/ros/foxy/lib/libpcl_msgs__rosidl_typesupport_introspection_cpp.so
	/opt/ros/foxy/lib/libpendulum_msgs__python.so
	/opt/ros/foxy/lib/libpendulum_msgs__rosidl_generator_c.so
	/opt/ros/foxy/lib/libpendulum_msgs__rosidl_typesupport_c.so
	/opt/ros/foxy/lib/libpendulum_msgs__rosidl_typesupport_connext_c.so
	/opt/ros/foxy/lib/libpendulum_msgs__rosidl_typesupport_connext_cpp.so
	/opt/ros/foxy/lib/libpendulum_msgs__rosidl_typesupport_cpp.so
	/opt/ros/foxy/lib/libpendulum_msgs__rosidl_typesupport_fastrtps_c.so
	/opt/ros/foxy/lib/libpendulum_msgs__rosidl_typesupport_fastrtps_cpp.so
	/opt/ros/foxy/lib/libpendulum_msgs__rosidl_typesupport_introspection_c.so
	/opt/ros/foxy/lib/libpendulum_msgs__rosidl_typesupport_introspection_cpp.so
	/opt/ros/foxy/lib/libpf_lib.so
	/opt/ros/foxy/lib/libplanner_server_core.so
	/opt/ros/foxy/lib/librcl.so
	/opt/ros/foxy/lib/librcl_action.so
	/opt/ros/foxy/lib/librcl_interfaces__python.so
	/opt/ros/foxy/lib/librcl_interfaces__rosidl_generator_c.so
	/opt/ros/foxy/lib/librcl_interfaces__rosidl_typesupport_c.so
	/opt/ros/foxy/lib/librcl_interfaces__rosidl_typesupport_connext_c.so
	/opt/ros/foxy/lib/librcl_interfaces__rosidl_typesupport_connext_cpp.so
	/opt/ros/foxy/lib/librcl_interfaces__rosidl_typesupport_cpp.so
	/opt/ros/foxy/lib/librcl_interfaces__rosidl_typesupport_fastrtps_c.so
	/opt/ros/foxy/lib/librcl_interfaces__rosidl_typesupport_fastrtps_cpp.so
	/opt/ros/foxy/lib/librcl_interfaces__rosidl_typesupport_introspection_c.so
	/opt/ros/foxy/lib/librcl_interfaces__rosidl_typesupport_introspection_cpp.so
	/opt/ros/foxy/lib/librcl_lifecycle.so
	/opt/ros/foxy/lib/librcl_logging_spdlog.so
	/opt/ros/foxy/lib/librcl_yaml_param_parser.so
	/opt/ros/foxy/lib/librclcpp.so
	/opt/ros/foxy/lib/librclcpp_action.so
	/opt/ros/foxy/lib/librclcpp_lifecycle.so
	/opt/ros/foxy/lib/librclpy_common.so
	/opt/ros/foxy/lib/librcpputils.so
	/opt/ros/foxy/lib/librcutils.so
	/opt/ros/foxy/lib/libresource_retriever.so
	/opt/ros/foxy/lib/librmw.so
	/opt/ros/foxy/lib/librmw_dds_common.so
	/opt/ros/foxy/lib/librmw_dds_common__python.so
	/opt/ros/foxy/lib/librmw_dds_common__rosidl_generator_c.so
	/opt/ros/foxy/lib/librmw_dds_common__rosidl_typesupport_c.so
	/opt/ros/foxy/lib/librmw_dds_common__rosidl_typesupport_connext_c.so
	/opt/ros/foxy/lib/librmw_dds_common__rosidl_typesupport_connext_cpp.so
	/opt/ros/foxy/lib/librmw_dds_common__rosidl_typesupport_cpp.so
	/opt/ros/foxy/lib/librmw_dds_common__rosidl_typesupport_fastrtps_c.so
	/opt/ros/foxy/lib/librmw_dds_common__rosidl_typesupport_fastrtps_cpp.so
	/opt/ros/foxy/lib/librmw_dds_common__rosidl_typesupport_introspection_c.so
	/opt/ros/foxy/lib/librmw_dds_common__rosidl_typesupport_introspection_cpp.so
	/opt/ros/foxy/lib/librmw_fastrtps_cpp.so
	/opt/ros/foxy/lib/librmw_fastrtps_shared_cpp.so
	/opt/ros/foxy/lib/librmw_implementation.so
	/opt/ros/foxy/lib/librobot_state_publisher_node.so
	/opt/ros/foxy/lib/libros1_bridge.so
	/opt/ros/foxy/lib/librosbag2_compression.so
	/opt/ros/foxy/lib/librosbag2_compression_zstd.so
	/opt/ros/foxy/lib/librosbag2_converter_default_plugins.so
	/opt/ros/foxy/lib/librosbag2_cpp.so
	/opt/ros/foxy/lib/librosbag2_storage.so
	/opt/ros/foxy/lib/librosbag2_storage_default_plugins.so
	/opt/ros/foxy/lib/librosbag2_transport.so
	/opt/ros/foxy/lib/librosgraph_msgs__python.so
	/opt/ros/foxy/lib/librosgraph_msgs__rosidl_generator_c.so
	/opt/ros/foxy/lib/librosgraph_msgs__rosidl_typesupport_c.so
	/opt/ros/foxy/lib/librosgraph_msgs__rosidl_typesupport_connext_c.so
	/opt/ros/foxy/lib/librosgraph_msgs__rosidl_typesupport_connext_cpp.so
	/opt/ros/foxy/lib/librosgraph_msgs__rosidl_typesupport_cpp.so
	/opt/ros/foxy/lib/librosgraph_msgs__rosidl_typesupport_fastrtps_c.so
	/opt/ros/foxy/lib/librosgraph_msgs__rosidl_typesupport_fastrtps_cpp.so
	/opt/ros/foxy/lib/librosgraph_msgs__rosidl_typesupport_introspection_c.so
	/opt/ros/foxy/lib/librosgraph_msgs__rosidl_typesupport_introspection_cpp.so
	/opt/ros/foxy/lib/librosidl_runtime_c.so
	/opt/ros/foxy/lib/librosidl_typesupport_c.so
	/opt/ros/foxy/lib/librosidl_typesupport_cpp.so
	/opt/ros/foxy/lib/librosidl_typesupport_fastrtps_c.so
	/opt/ros/foxy/lib/librosidl_typesupport_fastrtps_cpp.so
	/opt/ros/foxy/lib/librosidl_typesupport_introspection_c.so
	/opt/ros/foxy/lib/librosidl_typesupport_introspection_cpp.so
	/opt/ros/foxy/lib/librqt_gui_cpp.so
	/opt/ros/foxy/lib/librttest.so
	/opt/ros/foxy/lib/librviz_common.so
	/opt/ros/foxy/lib/librviz_default_plugins.so
	/opt/ros/foxy/lib/librviz_rendering.so
	/opt/ros/foxy/lib/libsensor_msgs__python.so
	/opt/ros/foxy/lib/libsensor_msgs__rosidl_generator_c.so
	/opt/ros/foxy/lib/libsensor_msgs__rosidl_typesupport_c.so
	/opt/ros/foxy/lib/libsensor_msgs__rosidl_typesupport_connext_c.so
	/opt/ros/foxy/lib/libsensor_msgs__rosidl_typesupport_connext_cpp.so
	/opt/ros/foxy/lib/libsensor_msgs__rosidl_typesupport_cpp.so
	/opt/ros/foxy/lib/libsensor_msgs__rosidl_typesupport_fastrtps_c.so
	/opt/ros/foxy/lib/libsensor_msgs__rosidl_typesupport_fastrtps_cpp.so
	/opt/ros/foxy/lib/libsensor_msgs__rosidl_typesupport_introspection_c.so
	/opt/ros/foxy/lib/libsensor_msgs__rosidl_typesupport_introspection_cpp.so
	/opt/ros/foxy/lib/libsensors_lib.so
	/opt/ros/foxy/lib/libserver_component.so
	/opt/ros/foxy/lib/libservices_library.so
	/opt/ros/foxy/lib/libshape_msgs__python.so
	/opt/ros/foxy/lib/libshape_msgs__rosidl_generator_c.so
	/opt/ros/foxy/lib/libshape_msgs__rosidl_typesupport_c.so
	/opt/ros/foxy/lib/libshape_msgs__rosidl_typesupport_connext_c.so
	/opt/ros/foxy/lib/libshape_msgs__rosidl_typesupport_connext_cpp.so
	/opt/ros/foxy/lib/libshape_msgs__rosidl_typesupport_cpp.so
	/opt/ros/foxy/lib/libshape_msgs__rosidl_typesupport_fastrtps_c.so
	/opt/ros/foxy/lib/libshape_msgs__rosidl_typesupport_fastrtps_cpp.so
	/opt/ros/foxy/lib/libshape_msgs__rosidl_typesupport_introspection_c.so
	/opt/ros/foxy/lib/libshape_msgs__rosidl_typesupport_introspection_cpp.so
	/opt/ros/foxy/lib/libsimple_goal_checker.so
	/opt/ros/foxy/lib/libsimple_progress_checker.so
	/opt/ros/foxy/lib/libslam_toolbox__python.so
	/opt/ros/foxy/lib/libslam_toolbox__rosidl_generator_c.so
	/opt/ros/foxy/lib/libslam_toolbox__rosidl_typesupport_c.so
	/opt/ros/foxy/lib/libslam_toolbox__rosidl_typesupport_connext_c.so
	/opt/ros/foxy/lib/libslam_toolbox__rosidl_typesupport_connext_cpp.so
	/opt/ros/foxy/lib/libslam_toolbox__rosidl_typesupport_cpp.so
	/opt/ros/foxy/lib/libslam_toolbox__rosidl_typesupport_fastrtps_c.so
	/opt/ros/foxy/lib/libslam_toolbox__rosidl_typesupport_fastrtps_cpp.so
	/opt/ros/foxy/lib/libslam_toolbox__rosidl_typesupport_introspection_c.so
	/opt/ros/foxy/lib/libslam_toolbox__rosidl_typesupport_introspection_cpp.so
	/opt/ros/foxy/lib/libsmac_planner.so
	/opt/ros/foxy/lib/libsmac_planner_2d.so
	/opt/ros/foxy/lib/libstandard_traj_generator.so
	/opt/ros/foxy/lib/libstatic_transform_broadcaster_node.so
	/opt/ros/foxy/lib/libstatistics_msgs__python.so
	/opt/ros/foxy/lib/libstatistics_msgs__rosidl_generator_c.so
	/opt/ros/foxy/lib/libstatistics_msgs__rosidl_typesupport_c.so
	/opt/ros/foxy/lib/libstatistics_msgs__rosidl_typesupport_connext_c.so
	/opt/ros/foxy/lib/libstatistics_msgs__rosidl_typesupport_connext_cpp.so
	/opt/ros/foxy/lib/libstatistics_msgs__rosidl_typesupport_cpp.so
	/opt/ros/foxy/lib/libstatistics_msgs__rosidl_typesupport_fastrtps_c.so
	/opt/ros/foxy/lib/libstatistics_msgs__rosidl_typesupport_fastrtps_cpp.so
	/opt/ros/foxy/lib/libstatistics_msgs__rosidl_typesupport_introspection_c.so
	/opt/ros/foxy/lib/libstatistics_msgs__rosidl_typesupport_introspection_cpp.so
	/opt/ros/foxy/lib/libstd_msgs__python.so
	/opt/ros/foxy/lib/libstd_msgs__rosidl_generator_c.so
	/opt/ros/foxy/lib/libstd_msgs__rosidl_typesupport_c.so
	/opt/ros/foxy/lib/libstd_msgs__rosidl_typesupport_connext_c.so
	/opt/ros/foxy/lib/libstd_msgs__rosidl_typesupport_connext_cpp.so
	/opt/ros/foxy/lib/libstd_msgs__rosidl_typesupport_cpp.so
	/opt/ros/foxy/lib/libstd_msgs__rosidl_typesupport_fastrtps_c.so
	/opt/ros/foxy/lib/libstd_msgs__rosidl_typesupport_fastrtps_cpp.so
	/opt/ros/foxy/lib/libstd_msgs__rosidl_typesupport_introspection_c.so
	/opt/ros/foxy/lib/libstd_msgs__rosidl_typesupport_introspection_cpp.so
	/opt/ros/foxy/lib/libstd_srvs__python.so
	/opt/ros/foxy/lib/libstd_srvs__rosidl_generator_c.so
	/opt/ros/foxy/lib/libstd_srvs__rosidl_typesupport_c.so
	/opt/ros/foxy/lib/libstd_srvs__rosidl_typesupport_connext_c.so
	/opt/ros/foxy/lib/libstd_srvs__rosidl_typesupport_connext_cpp.so
	/opt/ros/foxy/lib/libstd_srvs__rosidl_typesupport_cpp.so
	/opt/ros/foxy/lib/libstd_srvs__rosidl_typesupport_fastrtps_c.so
	/opt/ros/foxy/lib/libstd_srvs__rosidl_typesupport_fastrtps_cpp.so
	/opt/ros/foxy/lib/libstd_srvs__rosidl_typesupport_introspection_c.so
	/opt/ros/foxy/lib/libstd_srvs__rosidl_typesupport_introspection_cpp.so
	/opt/ros/foxy/lib/libstereo_msgs__python.so
	/opt/ros/foxy/lib/libstereo_msgs__rosidl_generator_c.so
	/opt/ros/foxy/lib/libstereo_msgs__rosidl_typesupport_c.so
	/opt/ros/foxy/lib/libstereo_msgs__rosidl_typesupport_connext_c.so
	/opt/ros/foxy/lib/libstereo_msgs__rosidl_typesupport_connext_cpp.so
	/opt/ros/foxy/lib/libstereo_msgs__rosidl_typesupport_cpp.so
	/opt/ros/foxy/lib/libstereo_msgs__rosidl_typesupport_fastrtps_c.so
	/opt/ros/foxy/lib/libstereo_msgs__rosidl_typesupport_fastrtps_cpp.so
	/opt/ros/foxy/lib/libstereo_msgs__rosidl_typesupport_introspection_c.so
	/opt/ros/foxy/lib/libstereo_msgs__rosidl_typesupport_introspection_cpp.so
	/opt/ros/foxy/lib/libstopped_goal_checker.so
	/opt/ros/foxy/lib/libsync_slam_toolbox.so
	/opt/ros/foxy/lib/libtalker_component.so
	/opt/ros/foxy/lib/libtalker_native.so
	/opt/ros/foxy/lib/libteleop_twist_joy.so
	/opt/ros/foxy/lib/libtest_msgs__python.so
	/opt/ros/foxy/lib/libtest_msgs__rosidl_generator_c.so
	/opt/ros/foxy/lib/libtest_msgs__rosidl_typesupport_c.so
	/opt/ros/foxy/lib/libtest_msgs__rosidl_typesupport_connext_c.so
	/opt/ros/foxy/lib/libtest_msgs__rosidl_typesupport_connext_cpp.so
	/opt/ros/foxy/lib/libtest_msgs__rosidl_typesupport_cpp.so
	/opt/ros/foxy/lib/libtest_msgs__rosidl_typesupport_fastrtps_c.so
	/opt/ros/foxy/lib/libtest_msgs__rosidl_typesupport_fastrtps_cpp.so
	/opt/ros/foxy/lib/libtest_msgs__rosidl_typesupport_introspection_c.so
	/opt/ros/foxy/lib/libtest_msgs__rosidl_typesupport_introspection_cpp.so
	/opt/ros/foxy/lib/libtest_plugin.so
	/opt/ros/foxy/lib/libtf2.so
	/opt/ros/foxy/lib/libtf2_msgs__python.so
	/opt/ros/foxy/lib/libtf2_msgs__rosidl_generator_c.so
	/opt/ros/foxy/lib/libtf2_msgs__rosidl_typesupport_c.so
	/opt/ros/foxy/lib/libtf2_msgs__rosidl_typesupport_connext_c.so
	/opt/ros/foxy/lib/libtf2_msgs__rosidl_typesupport_connext_cpp.so
	/opt/ros/foxy/lib/libtf2_msgs__rosidl_typesupport_cpp.so
	/opt/ros/foxy/lib/libtf2_msgs__rosidl_typesupport_fastrtps_c.so
	/opt/ros/foxy/lib/libtf2_msgs__rosidl_typesupport_fastrtps_cpp.so
	/opt/ros/foxy/lib/libtf2_msgs__rosidl_typesupport_introspection_c.so
	/opt/ros/foxy/lib/libtf2_msgs__rosidl_typesupport_introspection_cpp.so
	/opt/ros/foxy/lib/libtf2_ros.so
	/opt/ros/foxy/lib/libtf_help.so
	/opt/ros/foxy/lib/libtimers_library.so
	/opt/ros/foxy/lib/libtoolbox_common.so
	/opt/ros/foxy/lib/libtopics_library.so
	/opt/ros/foxy/lib/libtracetools.so
	/opt/ros/foxy/lib/libtrajectory_msgs__python.so
	/opt/ros/foxy/lib/libtrajectory_msgs__rosidl_generator_c.so
	/opt/ros/foxy/lib/libtrajectory_msgs__rosidl_typesupport_c.so
	/opt/ros/foxy/lib/libtrajectory_msgs__rosidl_typesupport_connext_c.so
	/opt/ros/foxy/lib/libtrajectory_msgs__rosidl_typesupport_connext_cpp.so
	/opt/ros/foxy/lib/libtrajectory_msgs__rosidl_typesupport_cpp.so
	/opt/ros/foxy/lib/libtrajectory_msgs__rosidl_typesupport_fastrtps_c.so
	/opt/ros/foxy/lib/libtrajectory_msgs__rosidl_typesupport_fastrtps_cpp.so
	/opt/ros/foxy/lib/libtrajectory_msgs__rosidl_typesupport_introspection_c.so
	/opt/ros/foxy/lib/libtrajectory_msgs__rosidl_typesupport_introspection_cpp.so
	/opt/ros/foxy/lib/libturtlebot3_msgs__python.so
	/opt/ros/foxy/lib/libturtlebot3_msgs__rosidl_generator_c.so
	/opt/ros/foxy/lib/libturtlebot3_msgs__rosidl_typesupport_c.so
	/opt/ros/foxy/lib/libturtlebot3_msgs__rosidl_typesupport_connext_c.so
	/opt/ros/foxy/lib/libturtlebot3_msgs__rosidl_typesupport_connext_cpp.so
	/opt/ros/foxy/lib/libturtlebot3_msgs__rosidl_typesupport_cpp.so
	/opt/ros/foxy/lib/libturtlebot3_msgs__rosidl_typesupport_fastrtps_c.so
	/opt/ros/foxy/lib/libturtlebot3_msgs__rosidl_typesupport_fastrtps_cpp.so
	/opt/ros/foxy/lib/libturtlebot3_msgs__rosidl_typesupport_introspection_c.so
	/opt/ros/foxy/lib/libturtlebot3_msgs__rosidl_typesupport_introspection_cpp.so
	/opt/ros/foxy/lib/libturtlesim__python.so
	/opt/ros/foxy/lib/libturtlesim__rosidl_generator_c.so
	/opt/ros/foxy/lib/libturtlesim__rosidl_typesupport_c.so
	/opt/ros/foxy/lib/libturtlesim__rosidl_typesupport_connext_c.so
	/opt/ros/foxy/lib/libturtlesim__rosidl_typesupport_connext_cpp.so
	/opt/ros/foxy/lib/libturtlesim__rosidl_typesupport_cpp.so
	/opt/ros/foxy/lib/libturtlesim__rosidl_typesupport_fastrtps_c.so
	/opt/ros/foxy/lib/libturtlesim__rosidl_typesupport_fastrtps_cpp.so
	/opt/ros/foxy/lib/libturtlesim__rosidl_typesupport_introspection_c.so
	/opt/ros/foxy/lib/libturtlesim__rosidl_typesupport_introspection_cpp.so
	/opt/ros/foxy/lib/libunique_identifier_msgs__python.so
	/opt/ros/foxy/lib/libunique_identifier_msgs__rosidl_generator_c.so
	/opt/ros/foxy/lib/libunique_identifier_msgs__rosidl_typesupport_c.so
	/opt/ros/foxy/lib/libunique_identifier_msgs__rosidl_typesupport_connext_c.so
	/opt/ros/foxy/lib/libunique_identifier_msgs__rosidl_typesupport_connext_cpp.so
	/opt/ros/foxy/lib/libunique_identifier_msgs__rosidl_typesupport_cpp.so
	/opt/ros/foxy/lib/libunique_identifier_msgs__rosidl_typesupport_fastrtps_c.so
	/opt/ros/foxy/lib/libunique_identifier_msgs__rosidl_typesupport_fastrtps_cpp.so
	/opt/ros/foxy/lib/libunique_identifier_msgs__rosidl_typesupport_introspection_c.so
	/opt/ros/foxy/lib/libunique_identifier_msgs__rosidl_typesupport_introspection_cpp.so
	/opt/ros/foxy/lib/liburdf.so
	/opt/ros/foxy/lib/libvisualization_msgs__python.so
	/opt/ros/foxy/lib/libvisualization_msgs__rosidl_generator_c.so
	/opt/ros/foxy/lib/libvisualization_msgs__rosidl_typesupport_c.so
	/opt/ros/foxy/lib/libvisualization_msgs__rosidl_typesupport_connext_c.so
	/opt/ros/foxy/lib/libvisualization_msgs__rosidl_typesupport_connext_cpp.so
	/opt/ros/foxy/lib/libvisualization_msgs__rosidl_typesupport_cpp.so
	/opt/ros/foxy/lib/libvisualization_msgs__rosidl_typesupport_fastrtps_c.so
	/opt/ros/foxy/lib/libvisualization_msgs__rosidl_typesupport_fastrtps_cpp.so
	/opt/ros/foxy/lib/libvisualization_msgs__rosidl_typesupport_introspection_c.so
	/opt/ros/foxy/lib/libvisualization_msgs__rosidl_typesupport_introspection_cpp.so
	/opt/ros/foxy/lib/libvoxel_grid.so
	/opt/ros/foxy/lib/libwaypoint_follower_core.so
	/opt/ros/foxy/lib/libwebots_ros2_msgs__python.so
	/opt/ros/foxy/lib/libwebots_ros2_msgs__rosidl_generator_c.so
	/opt/ros/foxy/lib/libwebots_ros2_msgs__rosidl_typesupport_c.so
	/opt/ros/foxy/lib/libwebots_ros2_msgs__rosidl_typesupport_connext_c.so
	/opt/ros/foxy/lib/libwebots_ros2_msgs__rosidl_typesupport_connext_cpp.so
	/opt/ros/foxy/lib/libwebots_ros2_msgs__rosidl_typesupport_cpp.so
	/opt/ros/foxy/lib/libwebots_ros2_msgs__rosidl_typesupport_fastrtps_c.so
	/opt/ros/foxy/lib/libwebots_ros2_msgs__rosidl_typesupport_fastrtps_cpp.so
	/opt/ros/foxy/lib/libwebots_ros2_msgs__rosidl_typesupport_introspection_c.so
	/opt/ros/foxy/lib/libwebots_ros2_msgs__rosidl_typesupport_introspection_cpp.so
	/opt/ros/foxy/lib/libyaml.so
	/opt/ros/foxy/lib/libzstd.so
	/usr/local/webots/lib/controller/libController.so
	/usr/local/webots/lib/controller/libCppCar.so
	/usr/local/webots/lib/controller/libCppController.so
	/usr/local/webots/lib/controller/libCppDriver.so
	/usr/local/webots/lib/controller/libcar.so
	/usr/local/webots/lib/controller/libdriver.so
	/usr/lib/x86_64-linux-gnu/libopencv_aruco.so
	/usr/lib/x86_64-linux-gnu/libopencv_bgsegm.so
	/usr/lib/x86_64-linux-gnu/libopencv_bioinspired.so
	/usr/lib/x86_64-linux-gnu/libopencv_calib3d.so
	/usr/lib/x86_64-linux-gnu/libopencv_ccalib.so
	/usr/lib/x86_64-linux-gnu/libopencv_core.so
	/usr/lib/x86_64-linux-gnu/libopencv_datasets.so
	/usr/lib/x86_64-linux-gnu/libopencv_dnn.so
	/usr/lib/x86_64-linux-gnu/libopencv_dnn_objdetect.so
	/usr/lib/x86_64-linux-gnu/libopencv_dnn_superres.so
	/usr/lib/x86_64-linux-gnu/libopencv_dpm.so
	/usr/lib/x86_64-linux-gnu/libopencv_face.so
	/usr/lib/x86_64-linux-gnu/libopencv_features2d.so
	/usr/lib/x86_64-linux-gnu/libopencv_flann.so
	/usr/lib/x86_64-linux-gnu/libopencv_freetype.so
	/usr/lib/x86_64-linux-gnu/libopencv_fuzzy.so
	/usr/lib/x86_64-linux-gnu/libopencv_hdf.so
	/usr/lib/x86_64-linux-gnu/libopencv_hfs.so
	/usr/lib/x86_64-linux-gnu/libopencv_highgui.so
	/usr/lib/x86_64-linux-gnu/libopencv_img_hash.so
	/usr/lib/x86_64-linux-gnu/libopencv_imgcodecs.so
	/usr/lib/x86_64-linux-gnu/libopencv_imgproc.so
	/usr/lib/x86_64-linux-gnu/libopencv_line_descriptor.so
	/usr/lib/x86_64-linux-gnu/libopencv_ml.so
	/usr/lib/x86_64-linux-gnu/libopencv_objdetect.so
	/usr/lib/x86_64-linux-gnu/libopencv_optflow.so
	/usr/lib/x86_64-linux-gnu/libopencv_phase_unwrapping.so
	/usr/lib/x86_64-linux-gnu/libopencv_photo.so
	/usr/lib/x86_64-linux-gnu/libopencv_plot.so
	/usr/lib/x86_64-linux-gnu/libopencv_quality.so
	/usr/lib/x86_64-linux-gnu/libopencv_reg.so
	/usr/lib/x86_64-linux-gnu/libopencv_rgbd.so
	/usr/lib/x86_64-linux-gnu/libopencv_saliency.so
	/usr/lib/x86_64-linux-gnu/libopencv_shape.so
	/usr/lib/x86_64-linux-gnu/libopencv_stereo.so
	/usr/lib/x86_64-linux-gnu/libopencv_stitching.so
	/usr/lib/x86_64-linux-gnu/libopencv_structured_light.so
	/usr/lib/x86_64-linux-gnu/libopencv_superres.so
	/usr/lib/x86_64-linux-gnu/libopencv_surface_matching.so
	/usr/lib/x86_64-linux-gnu/libopencv_text.so
	/usr/lib/x86_64-linux-gnu/libopencv_tracking.so
	/usr/lib/x86_64-linux-gnu/libopencv_video.so
	/usr/lib/x86_64-linux-gnu/libopencv_videoio.so
	/usr/lib/x86_64-linux-gnu/libopencv_videostab.so
	/usr/lib/x86_64-linux-gnu/libopencv_viz.so
	/usr/lib/x86_64-linux-gnu/libopencv_ximgproc.so
	/usr/lib/x86_64-linux-gnu/libopencv_xobjdetect.so
	/usr/lib/x86_64-linux-gnu/libopencv_xphoto.so
	/usr/lib/x86_64-linux-gnu/libQt5Charts.so.5
	/usr/lib/x86_64-linux-gnu/libQt5Concurrent.so.5
	/usr/lib/x86_64-linux-gnu/libQt5Core.so.5
	/usr/lib/x86_64-linux-gnu/libQt5DBus.so.5
	/usr/lib/x86_64-linux-gnu/libQt5DataVisualization.so.5
	/usr/lib/x86_64-linux-gnu/libQt5Designer.so.5
	/usr/lib/x86_64-linux-gnu/libQt5DesignerComponents.so.5
	/usr/lib/x86_64-linux-gnu/libQt5EglFSDeviceIntegration.so.5
	/usr/lib/x86_64-linux-gnu/libQt5EglFsKmsSupport.so.5
	/usr/lib/x86_64-linux-gnu/libQt5Gui.so.5
	/usr/lib/x86_64-linux-gnu/libQt5Help.so.5
	/usr/lib/x86_64-linux-gnu/libQt5Multimedia.so.5
	/usr/lib/x86_64-linux-gnu/libQt5MultimediaGstTools.so.5
	/usr/lib/x86_64-linux-gnu/libQt5MultimediaQuick.so.5
	/usr/lib/x86_64-linux-gnu/libQt5MultimediaWidgets.so.5
	/usr/lib/x86_64-linux-gnu/libQt5Network.so.5
	/usr/lib/x86_64-linux-gnu/libQt5OpenGL.so.5
	/usr/lib/x86_64-linux-gnu/libQt5Positioning.so.5
	/usr/lib/x86_64-linux-gnu/libQt5PositioningQuick.so.5
	/usr/lib/x86_64-linux-gnu/libQt5PrintSupport.so.5
	/usr/lib/x86_64-linux-gnu/libQt5Qml.so.5
	/usr/lib/x86_64-linux-gnu/libQt5Quick.so.5
	/usr/lib/x86_64-linux-gnu/libQt5QuickParticles.so.5
	/usr/lib/x86_64-linux-gnu/libQt5QuickShapes.so.5
	/usr/lib/x86_64-linux-gnu/libQt5QuickTest.so.5
	/usr/lib/x86_64-linux-gnu/libQt5QuickWidgets.so.5
	/usr/lib/x86_64-linux-gnu/libQt5Script.so.5
	/usr/lib/x86_64-linux-gnu/libQt5Sensors.so.5
	/usr/lib/x86_64-linux-gnu/libQt5SerialPort.so.5
	/usr/lib/x86_64-linux-gnu/libQt5Sql.so.5
	/usr/lib/x86_64-linux-gnu/libQt5Svg.so.5
	/usr/lib/x86_64-linux-gnu/libQt5Test.so.5
	/usr/lib/x86_64-linux-gnu/libQt5WebChannel.so.5
	/usr/lib/x86_64-linux-gnu/libQt5WebKit.so.5
	/usr/lib/x86_64-linux-gnu/libQt5WebKitWidgets.so.5
	/usr/lib/x86_64-linux-gnu/libQt5Widgets.so.5
	/usr/lib/x86_64-linux-gnu/libQt5X11Extras.so.5
	/usr/lib/x86_64-linux-gnu/libQt5XcbQpa.so.5
	/usr/lib/x86_64-linux-gnu/libQt5Xml.so.5
	/usr/lib/x86_64-linux-gnu/libQt5XmlPatterns.so.5
	/usr/lib/x86_64-linux-gnu/libgflags.so
	/usr/lib/x86_64-linux-gnu/libgflags_nothreads.so
	/usr/lib/x86_64-linux-gnu/libglog.so
	/usr/lib/libceres.so
Unlinked libraries
-- Found rosidl_default_generators: 1.0.0 (/opt/ros/foxy/share/rosidl_default_generators/cmake)
-- Found ament_cmake_core: 0.9.8 (/opt/ros/foxy/share/ament_cmake_core/cmake)
-- Found PythonInterp: /usr/bin/python3 (found suitable version "3.8.5", minimum required is "3") 
-- Using PYTHON_EXECUTABLE: /usr/bin/python3
-- Using all available rosidl_typesupport_c: rosidl_typesupport_fastrtps_c;rosidl_typesupport_introspection_c
-- Found rosidl_adapter: 1.2.0 (/opt/ros/foxy/share/rosidl_adapter/cmake)
-- Found OpenSSL: /usr/lib/x86_64-linux-gnu/libcrypto.so (found version "1.1.1f")  
-- Found FastRTPS: /opt/ros/foxy/include  
-- Using all available rosidl_typesupport_cpp: rosidl_typesupport_fastrtps_cpp;rosidl_typesupport_introspection_cpp
-- Configuring done
CMake Warning at CMakeLists.txt:29 (add_executable):
  Cannot generate a safe runtime search path for target rplidarNodeClient
  because files in some directories may conflict with libraries in implicit
  directories:

    runtime library [liboctomap.so.1.9] in /usr/lib/x86_64-linux-gnu may be hidden by files in:
      /opt/ros/foxy/lib
    runtime library [liboctomath.so.1.9] in /usr/lib/x86_64-linux-gnu may be hidden by files in:
      /opt/ros/foxy/lib
    runtime library [liboctovis.so.1.9] in /usr/lib/x86_64-linux-gnu may be hidden by files in:
      /opt/ros/foxy/lib
    runtime library [libdynamicedt3d.so.1.9] in /usr/lib/x86_64-linux-gnu may be hidden by files in:
      /opt/ros/foxy/lib

  Some of these libraries may not be found correctly.


CMake Warning at CMakeLists.txt:27 (add_executable):
  Cannot generate a safe runtime search path for target rplidarNode because
  files in some directories may conflict with libraries in implicit
  directories:

    runtime library [liboctomap.so.1.9] in /usr/lib/x86_64-linux-gnu may be hidden by files in:
      /opt/ros/foxy/lib
    runtime library [liboctomath.so.1.9] in /usr/lib/x86_64-linux-gnu may be hidden by files in:
      /opt/ros/foxy/lib
    runtime library [liboctovis.so.1.9] in /usr/lib/x86_64-linux-gnu may be hidden by files in:
      /opt/ros/foxy/lib
    runtime library [libdynamicedt3d.so.1.9] in /usr/lib/x86_64-linux-gnu may be hidden by files in:
      /opt/ros/foxy/lib

  Some of these libraries may not be found correctly.


-- Generating done
-- Build files have been written to: /root/app/ros2ex/rplidar_ros2/out/build/rplidar_ros2
[35m[1mScanning dependencies of target rplidarNodeClient[0m
[35m[1mScanning dependencies of target rplidarNode[0m
[ 12%] [32mBuilding CXX object CMakeFiles/rplidarNodeClient.dir/src/client.cpp.o[0m
[ 25%] [32mBuilding CXX object CMakeFiles/rplidarNode.dir/src/node.cpp.o[0m
[ 50%] [32mBuilding CXX object CMakeFiles/rplidarNode.dir/sdk/src/arch/linux/net_serial.cpp.o[0m
[ 50%] [32mBuilding CXX object CMakeFiles/rplidarNode.dir/sdk/src/arch/linux/timer.cpp.o[0m
In file included from [01m[K/root/app/ros2ex/rplidar_ros2/./sdk/include/maros.h:190[m[K,
                 from [01m[K/root/app/ros2ex/rplidar_ros2/src/client.cpp:41[m[K:
[01m[K/opt/ros/foxy/include/sensor_msgs/point_cloud_conversion.hpp:51:6:[m[K [01;35m[Kwarning: [m[K#warning POINT_CLOUD_DEPRECATION_MESSAGE [[01;35m[K-Wcpp[m[K]
   51 | #    [01;35m[Kwarning[m[K POINT_CLOUD_DEPRECATION_MESSAGE
      |      [01;35m[K^~~~~~~[m[K
In file included from [01m[K/root/app/ros2ex/rplidar_ros2/./sdk/include/maros.h:190[m[K,
                 from [01m[K/root/app/ros2ex/rplidar_ros2/src/node.cpp:39[m[K:
[01m[K/opt/ros/foxy/include/sensor_msgs/point_cloud_conversion.hpp:51:6:[m[K [01;35m[Kwarning: [m[K#warning POINT_CLOUD_DEPRECATION_MESSAGE [[01;35m[K-Wcpp[m[K]
   51 | #    [01;35m[Kwarning[m[K POINT_CLOUD_DEPRECATION_MESSAGE
      |      [01;35m[K^~~~~~~[m[K
[ 62%] [32mBuilding CXX object CMakeFiles/rplidarNode.dir/sdk/src/hal/thread.cpp.o[0m
[ 75%] [32mBuilding CXX object CMakeFiles/rplidarNode.dir/sdk/src/rplidar_driver.cpp.o[0m
[01m[K/root/app/ros2ex/rplidar_ros2/src/client.cpp:48:67:[m[K [01;35m[Kwarning: [m[K‘[01m[Ksensor_msgs::msg::LaserScan_<std::allocator<void> >::ConstPtr[m[K’ is deprecated [[01;35m[K-Wdeprecated-declarations[m[K]
   48 | void scanCallback(const sensor_msgs::msg::LaserScan::ConstPtr scan[01;35m[K)[m[K
      |                                                                   [01;35m[K^[m[K
In file included from [01m[K/opt/ros/foxy/include/sensor_msgs/msg/laser_scan.hpp:7[m[K,
                 from [01m[K/root/app/ros2ex/rplidar_ros2/./sdk/include/maros.h:197[m[K,
                 from [01m[K/root/app/ros2ex/rplidar_ros2/src/client.cpp:41[m[K:
[01m[K/opt/ros/foxy/include/sensor_msgs/msg/detail/laser_scan__struct.hpp:202:5:[m[K [01;36m[Knote: [m[Kdeclared here
  202 |     [01;36m[KConstPtr[m[K;
      |     [01;36m[K^~~~~~~~[m[K
[ 87%] [32m[1mLinking CXX executable ../../rplidarNode[0m
[ 87%] Built target rplidarNode
[100%] [32m[1mLinking CXX executable ../../rplidarNodeClient[0m
[100%] Built target rplidarNodeClient
-- Install configuration: ""
-- Installing: /root/app/ros2ex/rplidar_ros2/out/install/lib/rplidar_ros2/rplidarNode
-- Set runtime path of "/root/app/ros2ex/rplidar_ros2/out/install/lib/rplidar_ros2/rplidarNode" to ""
-- Installing: /root/app/ros2ex/rplidar_ros2/out/install/lib/rplidar_ros2/rplidarNodeClient
-- Set runtime path of "/root/app/ros2ex/rplidar_ros2/out/install/lib/rplidar_ros2/rplidarNodeClient" to ""
-- Installing: /root/app/ros2ex/rplidar_ros2/out/install/share/rplidar_ros2/launch
-- Installing: /root/app/ros2ex/rplidar_ros2/out/install/share/rplidar_ros2/launch/view_rplidar.launch
-- Installing: /root/app/ros2ex/rplidar_ros2/out/install/share/rplidar_ros2/launch/rplidar.launch.py
-- Installing: /root/app/ros2ex/rplidar_ros2/out/install/share/ament_index/resource_index/package_run_dependencies/rplidar_ros2
-- Installing: /root/app/ros2ex/rplidar_ros2/out/install/share/ament_index/resource_index/parent_prefix_path/rplidar_ros2
-- Installing: /root/app/ros2ex/rplidar_ros2/out/install/share/rplidar_ros2/environment/ament_prefix_path.sh
-- Installing: /root/app/ros2ex/rplidar_ros2/out/install/share/rplidar_ros2/environment/ament_prefix_path.dsv
-- Installing: /root/app/ros2ex/rplidar_ros2/out/install/share/rplidar_ros2/environment/path.sh
-- Installing: /root/app/ros2ex/rplidar_ros2/out/install/share/rplidar_ros2/environment/path.dsv
-- Installing: /root/app/ros2ex/rplidar_ros2/out/install/share/rplidar_ros2/local_setup.bash
-- Installing: /root/app/ros2ex/rplidar_ros2/out/install/share/rplidar_ros2/local_setup.sh
-- Installing: /root/app/ros2ex/rplidar_ros2/out/install/share/rplidar_ros2/local_setup.zsh
-- Installing: /root/app/ros2ex/rplidar_ros2/out/install/share/rplidar_ros2/local_setup.dsv
-- Installing: /root/app/ros2ex/rplidar_ros2/out/install/share/rplidar_ros2/package.dsv
-- Installing: /root/app/ros2ex/rplidar_ros2/out/install/share/ament_index/resource_index/packages/rplidar_ros2
-- Installing: /root/app/ros2ex/rplidar_ros2/out/install/share/rplidar_ros2/cmake/rplidar_ros2Config.cmake
-- Installing: /root/app/ros2ex/rplidar_ros2/out/install/share/rplidar_ros2/cmake/rplidar_ros2Config-version.cmake
-- Installing: /root/app/ros2ex/rplidar_ros2/out/install/share/rplidar_ros2/package.xml
