[0.012s] Invoking command in '/root/app/ros2ex/rplidar_ros2/out/build/rplidar_ros2': CMAKE_PREFIX_PATH=/opt/ros/foxy /usr/bin/cmake /root/app/ros2ex/rplidar_ros2 -DCOMMON_CMAKE=/root/app/include/cscv/cmaker/cscv.cmake -DCMAKE_INSTALL_PREFIX=/root/app/ros2ex/rplidar_ros2/out/install
[0.129s] -- The C compiler identification is GNU 9.3.0
[0.195s] -- The CXX compiler identification is GNU 9.3.0
[0.201s] -- Check for working C compiler: /usr/bin/cc
[0.283s] -- Check for working C compiler: /usr/bin/cc -- works
[0.284s] -- Detecting C compiler ABI info
[0.367s] -- Detecting C compiler ABI info - done
[0.381s] -- Detecting C compile features
[0.381s] -- Detecting C compile features - done
[0.384s] -- Check for working CXX compiler: /usr/bin/c++
[0.473s] -- Check for working CXX compiler: /usr/bin/c++ -- works
[0.474s] -- Detecting CXX compiler ABI info
[0.566s] -- Detecting CXX compiler ABI info - done
[0.580s] -- Detecting CXX compile features
[0.581s] -- Detecting CXX compile features - done
[0.583s] -- Looking for pthread.h
[0.669s] -- Looking for pthread.h - found
[0.669s] -- Performing Test CMAKE_HAVE_LIBC_PTHREAD
[0.757s] -- Performing Test CMAKE_HAVE_LIBC_PTHREAD - Failed
[0.758s] -- Check if compiler accepts -pthread
[0.844s] -- Check if compiler accepts -pthread - yes
[0.845s] -- Found Threads: TRUE  
[0.845s] Platform: UNIX
[0.845s] Platform: UNIX
[0.846s] Platform: UNIX
[0.846s] Platform: UNIX
[0.846s] Platform: UNIX
[0.846s] Platform: UNIX
[0.865s] Linked libraries
[0.865s] 	/usr/lib/x86_64-linux-gnu/liboctomap.so
[0.869s] 	/usr/lib/x86_64-linux-gnu/liboctomath.so
[0.869s] 	/usr/lib/x86_64-linux-gnu/liboctovis.so
[0.869s] 	/usr/lib/x86_64-linux-gnu/libdynamicedt3d.so
[0.869s] 	/opt/ros/foxy/lib/libDepthImageToLaserScan.so
[0.870s] 	/opt/ros/foxy/lib/libDepthImageToLaserScanROS.so
[0.870s] 	/opt/ros/foxy/lib/libaction_msgs__python.so
[0.870s] 	/opt/ros/foxy/lib/libaction_msgs__rosidl_generator_c.so
[0.870s] 	/opt/ros/foxy/lib/libaction_msgs__rosidl_typesupport_c.so
[0.870s] 	/opt/ros/foxy/lib/libaction_msgs__rosidl_typesupport_connext_c.so
[0.870s] 	/opt/ros/foxy/lib/libaction_msgs__rosidl_typesupport_connext_cpp.so
[0.870s] 	/opt/ros/foxy/lib/libaction_msgs__rosidl_typesupport_cpp.so
[0.870s] 	/opt/ros/foxy/lib/libaction_msgs__rosidl_typesupport_fastrtps_c.so
[0.870s] 	/opt/ros/foxy/lib/libaction_msgs__rosidl_typesupport_fastrtps_cpp.so
[0.870s] 	/opt/ros/foxy/lib/libaction_msgs__rosidl_typesupport_introspection_c.so
[0.870s] 	/opt/ros/foxy/lib/libaction_msgs__rosidl_typesupport_introspection_cpp.so
[0.870s] 	/opt/ros/foxy/lib/libaction_tutorials.so
[0.870s] 	/opt/ros/foxy/lib/libaction_tutorials_interfaces__python.so
[0.870s] 	/opt/ros/foxy/lib/libaction_tutorials_interfaces__rosidl_generator_c.so
[0.871s] 	/opt/ros/foxy/lib/libaction_tutorials_interfaces__rosidl_typesupport_c.so
[0.871s] 	/opt/ros/foxy/lib/libaction_tutorials_interfaces__rosidl_typesupport_connext_c.so
[0.871s] 	/opt/ros/foxy/lib/libaction_tutorials_interfaces__rosidl_typesupport_connext_cpp.so
[0.871s] 	/opt/ros/foxy/lib/libaction_tutorials_interfaces__rosidl_typesupport_cpp.so
[0.871s] 	/opt/ros/foxy/lib/libaction_tutorials_interfaces__rosidl_typesupport_fastrtps_c.so
[0.871s] 	/opt/ros/foxy/lib/libaction_tutorials_interfaces__rosidl_typesupport_fastrtps_cpp.so
[0.871s] 	/opt/ros/foxy/lib/libaction_tutorials_interfaces__rosidl_typesupport_introspection_c.so
[0.871s] 	/opt/ros/foxy/lib/libaction_tutorials_interfaces__rosidl_typesupport_introspection_cpp.so
[0.871s] 	/opt/ros/foxy/lib/libactionlib_msgs__python.so
[0.871s] 	/opt/ros/foxy/lib/libactionlib_msgs__rosidl_generator_c.so
[0.871s] 	/opt/ros/foxy/lib/libactionlib_msgs__rosidl_typesupport_c.so
[0.871s] 	/opt/ros/foxy/lib/libactionlib_msgs__rosidl_typesupport_connext_c.so
[0.871s] 	/opt/ros/foxy/lib/libactionlib_msgs__rosidl_typesupport_connext_cpp.so
[0.871s] 	/opt/ros/foxy/lib/libactionlib_msgs__rosidl_typesupport_cpp.so
[0.872s] 	/opt/ros/foxy/lib/libactionlib_msgs__rosidl_typesupport_fastrtps_c.so
[0.872s] 	/opt/ros/foxy/lib/libactionlib_msgs__rosidl_typesupport_fastrtps_cpp.so
[0.872s] 	/opt/ros/foxy/lib/libactionlib_msgs__rosidl_typesupport_introspection_c.so
[0.872s] 	/opt/ros/foxy/lib/libactionlib_msgs__rosidl_typesupport_introspection_cpp.so
[0.872s] 	/opt/ros/foxy/lib/libamcl_core.so
[0.872s] 	/opt/ros/foxy/lib/libament_index_cpp.so
[0.872s] 	/opt/ros/foxy/lib/libasync_slam_toolbox.so
[0.872s] 	/opt/ros/foxy/lib/libbehaviortree_cpp_v3.so
[0.872s] 	/opt/ros/foxy/lib/libbt_navigator_core.so
[0.872s] 	/opt/ros/foxy/lib/libbuiltin_interfaces__python.so
[0.872s] 	/opt/ros/foxy/lib/libbuiltin_interfaces__rosidl_generator_c.so
[0.872s] 	/opt/ros/foxy/lib/libbuiltin_interfaces__rosidl_typesupport_c.so
[0.872s] 	/opt/ros/foxy/lib/libbuiltin_interfaces__rosidl_typesupport_connext_c.so
[0.873s] 	/opt/ros/foxy/lib/libbuiltin_interfaces__rosidl_typesupport_connext_cpp.so
[0.873s] 	/opt/ros/foxy/lib/libbuiltin_interfaces__rosidl_typesupport_cpp.so
[0.873s] 	/opt/ros/foxy/lib/libbuiltin_interfaces__rosidl_typesupport_fastrtps_c.so
[0.873s] 	/opt/ros/foxy/lib/libbuiltin_interfaces__rosidl_typesupport_fastrtps_cpp.so
[0.873s] 	/opt/ros/foxy/lib/libbuiltin_interfaces__rosidl_typesupport_introspection_c.so
[0.873s] 	/opt/ros/foxy/lib/libbuiltin_interfaces__rosidl_typesupport_introspection_cpp.so
[0.873s] 	/opt/ros/foxy/lib/libcamera_calibration_parsers.so
[0.873s] 	/opt/ros/foxy/lib/libcamera_info_manager.so
[0.873s] 	/opt/ros/foxy/lib/libcartographer_ros_msgs__python.so
[0.873s] 	/opt/ros/foxy/lib/libcartographer_ros_msgs__rosidl_generator_c.so
[0.873s] 	/opt/ros/foxy/lib/libcartographer_ros_msgs__rosidl_typesupport_c.so
[0.873s] 	/opt/ros/foxy/lib/libcartographer_ros_msgs__rosidl_typesupport_connext_c.so
[0.873s] 	/opt/ros/foxy/lib/libcartographer_ros_msgs__rosidl_typesupport_connext_cpp.so
[0.873s] 	/opt/ros/foxy/lib/libcartographer_ros_msgs__rosidl_typesupport_cpp.so
[0.874s] 	/opt/ros/foxy/lib/libcartographer_ros_msgs__rosidl_typesupport_fastrtps_c.so
[0.874s] 	/opt/ros/foxy/lib/libcartographer_ros_msgs__rosidl_typesupport_fastrtps_cpp.so
[0.874s] 	/opt/ros/foxy/lib/libcartographer_ros_msgs__rosidl_typesupport_introspection_c.so
[0.874s] 	/opt/ros/foxy/lib/libcartographer_ros_msgs__rosidl_typesupport_introspection_cpp.so
[0.874s] 	/opt/ros/foxy/lib/libceres_solver_plugin.so
[0.874s] 	/opt/ros/foxy/lib/libclass_loader.so
[0.874s] 	/opt/ros/foxy/lib/libclient_component.so
[0.874s] 	/opt/ros/foxy/lib/libcomponent_manager.so
[0.874s] 	/opt/ros/foxy/lib/libcomposition_interfaces__python.so
[0.874s] 	/opt/ros/foxy/lib/libcomposition_interfaces__rosidl_generator_c.so
[0.874s] 	/opt/ros/foxy/lib/libcomposition_interfaces__rosidl_typesupport_c.so
[0.874s] 	/opt/ros/foxy/lib/libcomposition_interfaces__rosidl_typesupport_connext_c.so
[0.874s] 	/opt/ros/foxy/lib/libcomposition_interfaces__rosidl_typesupport_connext_cpp.so
[0.875s] 	/opt/ros/foxy/lib/libcomposition_interfaces__rosidl_typesupport_cpp.so
[0.875s] 	/opt/ros/foxy/lib/libcomposition_interfaces__rosidl_typesupport_fastrtps_c.so
[0.875s] 	/opt/ros/foxy/lib/libcomposition_interfaces__rosidl_typesupport_fastrtps_cpp.so
[0.875s] 	/opt/ros/foxy/lib/libcomposition_interfaces__rosidl_typesupport_introspection_c.so
[0.875s] 	/opt/ros/foxy/lib/libcomposition_interfaces__rosidl_typesupport_introspection_cpp.so
[0.875s] 	/opt/ros/foxy/lib/libcomposition_nodes.so
[0.875s] 	/opt/ros/foxy/lib/libcontrol_msgs__python.so
[0.875s] 	/opt/ros/foxy/lib/libcontrol_msgs__rosidl_generator_c.so
[0.875s] 	/opt/ros/foxy/lib/libcontrol_msgs__rosidl_typesupport_c.so
[0.875s] 	/opt/ros/foxy/lib/libcontrol_msgs__rosidl_typesupport_connext_c.so
[0.875s] 	/opt/ros/foxy/lib/libcontrol_msgs__rosidl_typesupport_connext_cpp.so
[0.875s] 	/opt/ros/foxy/lib/libcontrol_msgs__rosidl_typesupport_cpp.so
[0.875s] 	/opt/ros/foxy/lib/libcontrol_msgs__rosidl_typesupport_fastrtps_c.so
[0.875s] 	/opt/ros/foxy/lib/libcontrol_msgs__rosidl_typesupport_fastrtps_cpp.so
[0.875s] 	/opt/ros/foxy/lib/libcontrol_msgs__rosidl_typesupport_introspection_c.so
[0.876s] 	/opt/ros/foxy/lib/libcontrol_msgs__rosidl_typesupport_introspection_cpp.so
[0.876s] 	/opt/ros/foxy/lib/libconversions.so
[0.876s] 	/opt/ros/foxy/lib/libconverter_test_plugins.so
[0.876s] 	/opt/ros/foxy/lib/libcv_bridge.so
[0.876s] 	/opt/ros/foxy/lib/libdiagnostic_msgs__python.so
[0.876s] 	/opt/ros/foxy/lib/libdiagnostic_msgs__rosidl_generator_c.so
[0.876s] 	/opt/ros/foxy/lib/libdiagnostic_msgs__rosidl_typesupport_c.so
[0.876s] 	/opt/ros/foxy/lib/libdiagnostic_msgs__rosidl_typesupport_connext_c.so
[0.876s] 	/opt/ros/foxy/lib/libdiagnostic_msgs__rosidl_typesupport_connext_cpp.so
[0.876s] 	/opt/ros/foxy/lib/libdiagnostic_msgs__rosidl_typesupport_cpp.so
[0.876s] 	/opt/ros/foxy/lib/libdiagnostic_msgs__rosidl_typesupport_fastrtps_c.so
[0.876s] 	/opt/ros/foxy/lib/libdiagnostic_msgs__rosidl_typesupport_fastrtps_cpp.so
[0.876s] 	/opt/ros/foxy/lib/libdiagnostic_msgs__rosidl_typesupport_introspection_c.so
[0.876s] 	/opt/ros/foxy/lib/libdiagnostic_msgs__rosidl_typesupport_introspection_cpp.so
[0.876s] 	/opt/ros/foxy/lib/libdwb_core.so
[0.877s] 	/opt/ros/foxy/lib/libdwb_critics.so
[0.877s] 	/opt/ros/foxy/lib/libdwb_msgs__python.so
[0.877s] 	/opt/ros/foxy/lib/libdwb_msgs__rosidl_generator_c.so
[0.877s] 	/opt/ros/foxy/lib/libdwb_msgs__rosidl_typesupport_c.so
[0.877s] 	/opt/ros/foxy/lib/libdwb_msgs__rosidl_typesupport_connext_c.so
[0.877s] 	/opt/ros/foxy/lib/libdwb_msgs__rosidl_typesupport_connext_cpp.so
[0.877s] 	/opt/ros/foxy/lib/libdwb_msgs__rosidl_typesupport_cpp.so
[0.877s] 	/opt/ros/foxy/lib/libdwb_msgs__rosidl_typesupport_fastrtps_c.so
[0.877s] 	/opt/ros/foxy/lib/libdwb_msgs__rosidl_typesupport_fastrtps_cpp.so
[0.877s] 	/opt/ros/foxy/lib/libdwb_msgs__rosidl_typesupport_introspection_c.so
[0.877s] 	/opt/ros/foxy/lib/libdwb_msgs__rosidl_typesupport_introspection_cpp.so
[0.877s] 	/opt/ros/foxy/lib/libdynamicedt3d.so
[0.877s] 	/opt/ros/foxy/lib/libdynamixel_sdk.so
[0.877s] 	/opt/ros/foxy/lib/libexample_interfaces__python.so
[0.877s] 	/opt/ros/foxy/lib/libexample_interfaces__rosidl_generator_c.so
[0.877s] 	/opt/ros/foxy/lib/libexample_interfaces__rosidl_typesupport_c.so
[0.878s] 	/opt/ros/foxy/lib/libexample_interfaces__rosidl_typesupport_connext_c.so
[0.878s] 	/opt/ros/foxy/lib/libexample_interfaces__rosidl_typesupport_connext_cpp.so
[0.878s] 	/opt/ros/foxy/lib/libexample_interfaces__rosidl_typesupport_cpp.so
[0.878s] 	/opt/ros/foxy/lib/libexample_interfaces__rosidl_typesupport_fastrtps_c.so
[0.878s] 	/opt/ros/foxy/lib/libexample_interfaces__rosidl_typesupport_fastrtps_cpp.so
[0.878s] 	/opt/ros/foxy/lib/libexample_interfaces__rosidl_typesupport_introspection_c.so
[0.878s] 	/opt/ros/foxy/lib/libexample_interfaces__rosidl_typesupport_introspection_cpp.so
[0.878s] 	/opt/ros/foxy/lib/libfastcdr.so
[0.878s] 	/opt/ros/foxy/lib/libfastrtps.so
[0.878s] 	/opt/ros/foxy/lib/libgazebo_msgs__python.so
[0.878s] 	/opt/ros/foxy/lib/libgazebo_msgs__rosidl_generator_c.so
[0.878s] 	/opt/ros/foxy/lib/libgazebo_msgs__rosidl_typesupport_c.so
[0.878s] 	/opt/ros/foxy/lib/libgazebo_msgs__rosidl_typesupport_connext_c.so
[0.878s] 	/opt/ros/foxy/lib/libgazebo_msgs__rosidl_typesupport_connext_cpp.so
[0.879s] 	/opt/ros/foxy/lib/libgazebo_msgs__rosidl_typesupport_cpp.so
[0.879s] 	/opt/ros/foxy/lib/libgazebo_msgs__rosidl_typesupport_fastrtps_c.so
[0.879s] 	/opt/ros/foxy/lib/libgazebo_msgs__rosidl_typesupport_fastrtps_cpp.so
[0.879s] 	/opt/ros/foxy/lib/libgazebo_msgs__rosidl_typesupport_introspection_c.so
[0.879s] 	/opt/ros/foxy/lib/libgazebo_msgs__rosidl_typesupport_introspection_cpp.so
[0.879s] 	/opt/ros/foxy/lib/libgazebo_ros_ackermann_drive.so
[0.879s] 	/opt/ros/foxy/lib/libgazebo_ros_bumper.so
[0.879s] 	/opt/ros/foxy/lib/libgazebo_ros_camera.so
[0.879s] 	/opt/ros/foxy/lib/libgazebo_ros_diff_drive.so
[0.879s] 	/opt/ros/foxy/lib/libgazebo_ros_elevator.so
[0.879s] 	/opt/ros/foxy/lib/libgazebo_ros_factory.so
[0.879s] 	/opt/ros/foxy/lib/libgazebo_ros_force.so
[0.879s] 	/opt/ros/foxy/lib/libgazebo_ros_force_system.so
[0.879s] 	/opt/ros/foxy/lib/libgazebo_ros_ft_sensor.so
[0.879s] 	/opt/ros/foxy/lib/libgazebo_ros_gps_sensor.so
[0.879s] 	/opt/ros/foxy/lib/libgazebo_ros_hand_of_god.so
[0.880s] 	/opt/ros/foxy/lib/libgazebo_ros_harness.so
[0.880s] 	/opt/ros/foxy/lib/libgazebo_ros_imu_sensor.so
[0.880s] 	/opt/ros/foxy/lib/libgazebo_ros_init.so
[0.880s] 	/opt/ros/foxy/lib/libgazebo_ros_joint_pose_trajectory.so
[0.880s] 	/opt/ros/foxy/lib/libgazebo_ros_joint_state_publisher.so
[0.880s] 	/opt/ros/foxy/lib/libgazebo_ros_node.so
[0.880s] 	/opt/ros/foxy/lib/libgazebo_ros_p3d.so
[0.880s] 	/opt/ros/foxy/lib/libgazebo_ros_planar_move.so
[0.880s] 	/opt/ros/foxy/lib/libgazebo_ros_projector.so
[0.880s] 	/opt/ros/foxy/lib/libgazebo_ros_properties.so
[0.880s] 	/opt/ros/foxy/lib/libgazebo_ros_ray_sensor.so
[0.880s] 	/opt/ros/foxy/lib/libgazebo_ros_state.so
[0.880s] 	/opt/ros/foxy/lib/libgazebo_ros_template.so
[0.880s] 	/opt/ros/foxy/lib/libgazebo_ros_tricycle_drive.so
[0.880s] 	/opt/ros/foxy/lib/libgazebo_ros_utils.so
[0.880s] 	/opt/ros/foxy/lib/libgazebo_ros_vacuum_gripper.so
[0.881s] 	/opt/ros/foxy/lib/libgazebo_ros_video.so
[0.881s] 	/opt/ros/foxy/lib/libgeometry_msgs__python.so
[0.881s] 	/opt/ros/foxy/lib/libgeometry_msgs__rosidl_generator_c.so
[0.881s] 	/opt/ros/foxy/lib/libgeometry_msgs__rosidl_typesupport_c.so
[0.881s] 	/opt/ros/foxy/lib/libgeometry_msgs__rosidl_typesupport_connext_c.so
[0.881s] 	/opt/ros/foxy/lib/libgeometry_msgs__rosidl_typesupport_connext_cpp.so
[0.881s] 	/opt/ros/foxy/lib/libgeometry_msgs__rosidl_typesupport_cpp.so
[0.881s] 	/opt/ros/foxy/lib/libgeometry_msgs__rosidl_typesupport_fastrtps_c.so
[0.881s] 	/opt/ros/foxy/lib/libgeometry_msgs__rosidl_typesupport_fastrtps_cpp.so
[0.881s] 	/opt/ros/foxy/lib/libgeometry_msgs__rosidl_typesupport_introspection_c.so
[0.881s] 	/opt/ros/foxy/lib/libgeometry_msgs__rosidl_typesupport_introspection_cpp.so
[0.881s] 	/opt/ros/foxy/lib/libimage_geometry.so
[0.881s] 	/opt/ros/foxy/lib/libimage_transport.so
[0.881s] 	/opt/ros/foxy/lib/libimage_transport_plugins.so
[0.881s] 	/opt/ros/foxy/lib/libimagetools.so
[0.881s] 	/opt/ros/foxy/lib/libinteractive_markers.so
[0.882s] 	/opt/ros/foxy/lib/libjoy.so
[0.882s] 	/opt/ros/foxy/lib/libkartoSlamToolbox.so
[0.882s] 	/opt/ros/foxy/lib/libkdl_parser.so
[0.882s] 	/opt/ros/foxy/lib/liblaser_geometry.so
[0.882s] 	/opt/ros/foxy/lib/liblayers.so
[0.882s] 	/opt/ros/foxy/lib/liblibstatistics_collector.so
[0.882s] 	/opt/ros/foxy/lib/liblibstatistics_collector_test_msgs__python.so
[0.882s] 	/opt/ros/foxy/lib/liblibstatistics_collector_test_msgs__rosidl_generator_c.so
[0.882s] 	/opt/ros/foxy/lib/liblibstatistics_collector_test_msgs__rosidl_typesupport_c.so
[0.882s] 	/opt/ros/foxy/lib/liblibstatistics_collector_test_msgs__rosidl_typesupport_connext_c.so
[0.882s] 	/opt/ros/foxy/lib/liblibstatistics_collector_test_msgs__rosidl_typesupport_connext_cpp.so
[0.882s] 	/opt/ros/foxy/lib/liblibstatistics_collector_test_msgs__rosidl_typesupport_cpp.so
[0.882s] 	/opt/ros/foxy/lib/liblibstatistics_collector_test_msgs__rosidl_typesupport_fastrtps_c.so
[0.883s] 	/opt/ros/foxy/lib/liblibstatistics_collector_test_msgs__rosidl_typesupport_fastrtps_cpp.so
[0.883s] 	/opt/ros/foxy/lib/liblibstatistics_collector_test_msgs__rosidl_typesupport_introspection_c.so
[0.883s] 	/opt/ros/foxy/lib/liblibstatistics_collector_test_msgs__rosidl_typesupport_introspection_cpp.so
[0.883s] 	/opt/ros/foxy/lib/liblifecycle_msgs__python.so
[0.883s] 	/opt/ros/foxy/lib/liblifecycle_msgs__rosidl_generator_c.so
[0.883s] 	/opt/ros/foxy/lib/liblifecycle_msgs__rosidl_typesupport_c.so
[0.883s] 	/opt/ros/foxy/lib/liblifecycle_msgs__rosidl_typesupport_connext_c.so
[0.883s] 	/opt/ros/foxy/lib/liblifecycle_msgs__rosidl_typesupport_connext_cpp.so
[0.883s] 	/opt/ros/foxy/lib/liblifecycle_msgs__rosidl_typesupport_cpp.so
[0.883s] 	/opt/ros/foxy/lib/liblifecycle_msgs__rosidl_typesupport_fastrtps_c.so
[0.883s] 	/opt/ros/foxy/lib/liblifecycle_msgs__rosidl_typesupport_fastrtps_cpp.so
[0.883s] 	/opt/ros/foxy/lib/liblifecycle_msgs__rosidl_typesupport_introspection_c.so
[0.883s] 	/opt/ros/foxy/lib/liblifecycle_msgs__rosidl_typesupport_introspection_cpp.so
[0.883s] 	/opt/ros/foxy/lib/liblifelong_slam_toolbox.so
[0.883s] 	/opt/ros/foxy/lib/liblistener_component.so
[0.884s] 	/opt/ros/foxy/lib/liblocalization_slam_toolbox.so
[0.884s] 	/opt/ros/foxy/lib/liblogger_config_component.so
[0.884s] 	/opt/ros/foxy/lib/liblogger_usage_component.so
[0.884s] 	/opt/ros/foxy/lib/liblogging_demo__python.so
[0.884s] 	/opt/ros/foxy/lib/liblogging_demo__rosidl_generator_c.so
[0.884s] 	/opt/ros/foxy/lib/liblogging_demo__rosidl_typesupport_c.so
[0.884s] 	/opt/ros/foxy/lib/liblogging_demo__rosidl_typesupport_connext_c.so
[0.884s] 	/opt/ros/foxy/lib/liblogging_demo__rosidl_typesupport_connext_cpp.so
[0.884s] 	/opt/ros/foxy/lib/liblogging_demo__rosidl_typesupport_cpp.so
[0.884s] 	/opt/ros/foxy/lib/liblogging_demo__rosidl_typesupport_fastrtps_c.so
[0.884s] 	/opt/ros/foxy/lib/liblogging_demo__rosidl_typesupport_fastrtps_cpp.so
[0.884s] 	/opt/ros/foxy/lib/liblogging_demo__rosidl_typesupport_introspection_c.so
[0.884s] 	/opt/ros/foxy/lib/liblogging_demo__rosidl_typesupport_introspection_cpp.so
[0.884s] 	/opt/ros/foxy/lib/libmap_io.so
[0.884s] 	/opt/ros/foxy/lib/libmap_lib.so
[0.885s] 	/opt/ros/foxy/lib/libmap_msgs__python.so
[0.885s] 	/opt/ros/foxy/lib/libmap_msgs__rosidl_generator_c.so
[0.885s] 	/opt/ros/foxy/lib/libmap_msgs__rosidl_typesupport_c.so
[0.885s] 	/opt/ros/foxy/lib/libmap_msgs__rosidl_typesupport_connext_c.so
[0.885s] 	/opt/ros/foxy/lib/libmap_msgs__rosidl_typesupport_connext_cpp.so
[0.885s] 	/opt/ros/foxy/lib/libmap_msgs__rosidl_typesupport_cpp.so
[0.885s] 	/opt/ros/foxy/lib/libmap_msgs__rosidl_typesupport_fastrtps_c.so
[0.885s] 	/opt/ros/foxy/lib/libmap_msgs__rosidl_typesupport_fastrtps_cpp.so
[0.885s] 	/opt/ros/foxy/lib/libmap_msgs__rosidl_typesupport_introspection_c.so
[0.885s] 	/opt/ros/foxy/lib/libmap_msgs__rosidl_typesupport_introspection_cpp.so
[0.885s] 	/opt/ros/foxy/lib/libmap_server_core.so
[0.885s] 	/opt/ros/foxy/lib/libmessage_filters.so
[0.885s] 	/opt/ros/foxy/lib/libmotions_lib.so
[0.885s] 	/opt/ros/foxy/lib/libmove_base_msgs__python.so
[0.885s] 	/opt/ros/foxy/lib/libmove_base_msgs__rosidl_generator_c.so
[0.885s] 	/opt/ros/foxy/lib/libmove_base_msgs__rosidl_typesupport_c.so
[0.886s] 	/opt/ros/foxy/lib/libmove_base_msgs__rosidl_typesupport_connext_c.so
[0.886s] 	/opt/ros/foxy/lib/libmove_base_msgs__rosidl_typesupport_connext_cpp.so
[0.886s] 	/opt/ros/foxy/lib/libmove_base_msgs__rosidl_typesupport_cpp.so
[0.886s] 	/opt/ros/foxy/lib/libmove_base_msgs__rosidl_typesupport_fastrtps_c.so
[0.886s] 	/opt/ros/foxy/lib/libmove_base_msgs__rosidl_typesupport_fastrtps_cpp.so
[0.886s] 	/opt/ros/foxy/lib/libmove_base_msgs__rosidl_typesupport_introspection_c.so
[0.886s] 	/opt/ros/foxy/lib/libmove_base_msgs__rosidl_typesupport_introspection_cpp.so
[0.886s] 	/opt/ros/foxy/lib/libmulti_camera_plugin.so
[0.886s] 	/opt/ros/foxy/lib/libnav2_back_up_action_bt_node.so
[0.886s] 	/opt/ros/foxy/lib/libnav2_backup_recovery.so
[0.886s] 	/opt/ros/foxy/lib/libnav2_behavior_tree.so
[0.886s] 	/opt/ros/foxy/lib/libnav2_clear_costmap_service_bt_node.so
[0.886s] 	/opt/ros/foxy/lib/libnav2_compute_path_to_pose_action_bt_node.so
[0.886s] 	/opt/ros/foxy/lib/libnav2_costmap_2d_client.so
[0.887s] 	/opt/ros/foxy/lib/libnav2_costmap_2d_core.so
[0.887s] 	/opt/ros/foxy/lib/libnav2_distance_controller_bt_node.so
[0.887s] 	/opt/ros/foxy/lib/libnav2_distance_traveled_condition_bt_node.so
[0.887s] 	/opt/ros/foxy/lib/libnav2_follow_path_action_bt_node.so
[0.887s] 	/opt/ros/foxy/lib/libnav2_goal_reached_condition_bt_node.so
[0.887s] 	/opt/ros/foxy/lib/libnav2_goal_updated_condition_bt_node.so
[0.887s] 	/opt/ros/foxy/lib/libnav2_goal_updater_node_bt_node.so
[0.887s] 	/opt/ros/foxy/lib/libnav2_initial_pose_received_condition_bt_node.so
[0.887s] 	/opt/ros/foxy/lib/libnav2_is_battery_low_condition_bt_node.so
[0.887s] 	/opt/ros/foxy/lib/libnav2_is_stuck_condition_bt_node.so
[0.887s] 	/opt/ros/foxy/lib/libnav2_lifecycle_manager_core.so
[0.887s] 	/opt/ros/foxy/lib/libnav2_msgs__python.so
[0.887s] 	/opt/ros/foxy/lib/libnav2_msgs__rosidl_generator_c.so
[0.887s] 	/opt/ros/foxy/lib/libnav2_msgs__rosidl_typesupport_c.so
[0.887s] 	/opt/ros/foxy/lib/libnav2_msgs__rosidl_typesupport_connext_c.so
[0.888s] 	/opt/ros/foxy/lib/libnav2_msgs__rosidl_typesupport_connext_cpp.so
[0.888s] 	/opt/ros/foxy/lib/libnav2_msgs__rosidl_typesupport_cpp.so
[0.888s] 	/opt/ros/foxy/lib/libnav2_msgs__rosidl_typesupport_fastrtps_c.so
[0.888s] 	/opt/ros/foxy/lib/libnav2_msgs__rosidl_typesupport_fastrtps_cpp.so
[0.888s] 	/opt/ros/foxy/lib/libnav2_msgs__rosidl_typesupport_introspection_c.so
[0.888s] 	/opt/ros/foxy/lib/libnav2_msgs__rosidl_typesupport_introspection_cpp.so
[0.888s] 	/opt/ros/foxy/lib/libnav2_navfn_planner.so
[0.888s] 	/opt/ros/foxy/lib/libnav2_navigate_to_pose_action_bt_node.so
[0.888s] 	/opt/ros/foxy/lib/libnav2_pipeline_sequence_bt_node.so
[0.888s] 	/opt/ros/foxy/lib/libnav2_rate_controller_bt_node.so
[0.888s] 	/opt/ros/foxy/lib/libnav2_recovery_node_bt_node.so
[0.888s] 	/opt/ros/foxy/lib/libnav2_reinitialize_global_localization_service_bt_node.so
[0.888s] 	/opt/ros/foxy/lib/libnav2_round_robin_node_bt_node.so
[0.888s] 	/opt/ros/foxy/lib/libnav2_rviz_plugins.so
[0.888s] 	/opt/ros/foxy/lib/libnav2_speed_controller_bt_node.so
[0.889s] 	/opt/ros/foxy/lib/libnav2_spin_action_bt_node.so
[0.889s] 	/opt/ros/foxy/lib/libnav2_spin_recovery.so
[0.889s] 	/opt/ros/foxy/lib/libnav2_time_expired_condition_bt_node.so
[0.889s] 	/opt/ros/foxy/lib/libnav2_transform_available_condition_bt_node.so
[0.889s] 	/opt/ros/foxy/lib/libnav2_truncate_path_action_bt_node.so
[0.889s] 	/opt/ros/foxy/lib/libnav2_util_core.so
[0.889s] 	/opt/ros/foxy/lib/libnav2_wait_action_bt_node.so
[0.889s] 	/opt/ros/foxy/lib/libnav2_wait_recovery.so
[0.889s] 	/opt/ros/foxy/lib/libnav_2d_msgs__python.so
[0.889s] 	/opt/ros/foxy/lib/libnav_2d_msgs__rosidl_generator_c.so
[0.889s] 	/opt/ros/foxy/lib/libnav_2d_msgs__rosidl_typesupport_c.so
[0.889s] 	/opt/ros/foxy/lib/libnav_2d_msgs__rosidl_typesupport_connext_c.so
[0.889s] 	/opt/ros/foxy/lib/libnav_2d_msgs__rosidl_typesupport_connext_cpp.so
[0.889s] 	/opt/ros/foxy/lib/libnav_2d_msgs__rosidl_typesupport_cpp.so
[0.889s] 	/opt/ros/foxy/lib/libnav_2d_msgs__rosidl_typesupport_fastrtps_c.so
[0.890s] 	/opt/ros/foxy/lib/libnav_2d_msgs__rosidl_typesupport_fastrtps_cpp.so
[0.890s] 	/opt/ros/foxy/lib/libnav_2d_msgs__rosidl_typesupport_introspection_c.so
[0.890s] 	/opt/ros/foxy/lib/libnav_2d_msgs__rosidl_typesupport_introspection_cpp.so
[0.890s] 	/opt/ros/foxy/lib/libnav_msgs__python.so
[0.890s] 	/opt/ros/foxy/lib/libnav_msgs__rosidl_generator_c.so
[0.890s] 	/opt/ros/foxy/lib/libnav_msgs__rosidl_typesupport_c.so
[0.890s] 	/opt/ros/foxy/lib/libnav_msgs__rosidl_typesupport_connext_c.so
[0.890s] 	/opt/ros/foxy/lib/libnav_msgs__rosidl_typesupport_connext_cpp.so
[0.890s] 	/opt/ros/foxy/lib/libnav_msgs__rosidl_typesupport_cpp.so
[0.890s] 	/opt/ros/foxy/lib/libnav_msgs__rosidl_typesupport_fastrtps_c.so
[0.890s] 	/opt/ros/foxy/lib/libnav_msgs__rosidl_typesupport_fastrtps_cpp.so
[0.890s] 	/opt/ros/foxy/lib/libnav_msgs__rosidl_typesupport_introspection_c.so
[0.890s] 	/opt/ros/foxy/lib/libnav_msgs__rosidl_typesupport_introspection_cpp.so
[0.890s] 	/opt/ros/foxy/lib/libnode_like_listener_component.so
[0.890s] 	/opt/ros/foxy/lib/liboctomap.so
[0.891s] 	/opt/ros/foxy/lib/liboctomap_msgs__python.so
[0.891s] 	/opt/ros/foxy/lib/liboctomap_msgs__rosidl_generator_c.so
[0.891s] 	/opt/ros/foxy/lib/liboctomap_msgs__rosidl_typesupport_c.so
[0.891s] 	/opt/ros/foxy/lib/liboctomap_msgs__rosidl_typesupport_connext_c.so
[0.891s] 	/opt/ros/foxy/lib/liboctomap_msgs__rosidl_typesupport_connext_cpp.so
[0.891s] 	/opt/ros/foxy/lib/liboctomap_msgs__rosidl_typesupport_cpp.so
[0.891s] 	/opt/ros/foxy/lib/liboctomap_msgs__rosidl_typesupport_fastrtps_c.so
[0.891s] 	/opt/ros/foxy/lib/liboctomap_msgs__rosidl_typesupport_fastrtps_cpp.so
[0.891s] 	/opt/ros/foxy/lib/liboctomap_msgs__rosidl_typesupport_introspection_c.so
[0.891s] 	/opt/ros/foxy/lib/liboctomap_msgs__rosidl_typesupport_introspection_cpp.so
[0.891s] 	/opt/ros/foxy/lib/liboctomath.so
[0.891s] 	/opt/ros/foxy/lib/liboctovis.so
[0.891s] 	/opt/ros/foxy/lib/liborocos-kdl.so
[0.891s] 	/opt/ros/foxy/lib/libparameters_library.so
[0.891s] 	/opt/ros/foxy/lib/libpath_ops.so
[0.892s] 	/opt/ros/foxy/lib/libpcl_msgs__python.so
[0.892s] 	/opt/ros/foxy/lib/libpcl_msgs__rosidl_generator_c.so
[0.892s] 	/opt/ros/foxy/lib/libpcl_msgs__rosidl_typesupport_c.so
[0.892s] 	/opt/ros/foxy/lib/libpcl_msgs__rosidl_typesupport_connext_c.so
[0.892s] 	/opt/ros/foxy/lib/libpcl_msgs__rosidl_typesupport_connext_cpp.so
[0.892s] 	/opt/ros/foxy/lib/libpcl_msgs__rosidl_typesupport_cpp.so
[0.892s] 	/opt/ros/foxy/lib/libpcl_msgs__rosidl_typesupport_fastrtps_c.so
[0.892s] 	/opt/ros/foxy/lib/libpcl_msgs__rosidl_typesupport_fastrtps_cpp.so
[0.892s] 	/opt/ros/foxy/lib/libpcl_msgs__rosidl_typesupport_introspection_c.so
[0.892s] 	/opt/ros/foxy/lib/libpcl_msgs__rosidl_typesupport_introspection_cpp.so
[0.892s] 	/opt/ros/foxy/lib/libpendulum_msgs__python.so
[0.892s] 	/opt/ros/foxy/lib/libpendulum_msgs__rosidl_generator_c.so
[0.892s] 	/opt/ros/foxy/lib/libpendulum_msgs__rosidl_typesupport_c.so
[0.892s] 	/opt/ros/foxy/lib/libpendulum_msgs__rosidl_typesupport_connext_c.so
[0.892s] 	/opt/ros/foxy/lib/libpendulum_msgs__rosidl_typesupport_connext_cpp.so
[0.893s] 	/opt/ros/foxy/lib/libpendulum_msgs__rosidl_typesupport_cpp.so
[0.893s] 	/opt/ros/foxy/lib/libpendulum_msgs__rosidl_typesupport_fastrtps_c.so
[0.893s] 	/opt/ros/foxy/lib/libpendulum_msgs__rosidl_typesupport_fastrtps_cpp.so
[0.893s] 	/opt/ros/foxy/lib/libpendulum_msgs__rosidl_typesupport_introspection_c.so
[0.893s] 	/opt/ros/foxy/lib/libpendulum_msgs__rosidl_typesupport_introspection_cpp.so
[0.893s] 	/opt/ros/foxy/lib/libpf_lib.so
[0.893s] 	/opt/ros/foxy/lib/libplanner_server_core.so
[0.893s] 	/opt/ros/foxy/lib/librcl.so
[0.893s] 	/opt/ros/foxy/lib/librcl_action.so
[0.893s] 	/opt/ros/foxy/lib/librcl_interfaces__python.so
[0.893s] 	/opt/ros/foxy/lib/librcl_interfaces__rosidl_generator_c.so
[0.893s] 	/opt/ros/foxy/lib/librcl_interfaces__rosidl_typesupport_c.so
[0.893s] 	/opt/ros/foxy/lib/librcl_interfaces__rosidl_typesupport_connext_c.so
[0.893s] 	/opt/ros/foxy/lib/librcl_interfaces__rosidl_typesupport_connext_cpp.so
[0.893s] 	/opt/ros/foxy/lib/librcl_interfaces__rosidl_typesupport_cpp.so
[0.893s] 	/opt/ros/foxy/lib/librcl_interfaces__rosidl_typesupport_fastrtps_c.so
[0.894s] 	/opt/ros/foxy/lib/librcl_interfaces__rosidl_typesupport_fastrtps_cpp.so
[0.894s] 	/opt/ros/foxy/lib/librcl_interfaces__rosidl_typesupport_introspection_c.so
[0.894s] 	/opt/ros/foxy/lib/librcl_interfaces__rosidl_typesupport_introspection_cpp.so
[0.894s] 	/opt/ros/foxy/lib/librcl_lifecycle.so
[0.894s] 	/opt/ros/foxy/lib/librcl_logging_spdlog.so
[0.894s] 	/opt/ros/foxy/lib/librcl_yaml_param_parser.so
[0.894s] 	/opt/ros/foxy/lib/librclcpp.so
[0.894s] 	/opt/ros/foxy/lib/librclcpp_action.so
[0.894s] 	/opt/ros/foxy/lib/librclcpp_lifecycle.so
[0.894s] 	/opt/ros/foxy/lib/librclpy_common.so
[0.894s] 	/opt/ros/foxy/lib/librcpputils.so
[0.894s] 	/opt/ros/foxy/lib/librcutils.so
[0.894s] 	/opt/ros/foxy/lib/libresource_retriever.so
[0.894s] 	/opt/ros/foxy/lib/librmw.so
[0.895s] 	/opt/ros/foxy/lib/librmw_dds_common.so
[0.895s] 	/opt/ros/foxy/lib/librmw_dds_common__python.so
[0.895s] 	/opt/ros/foxy/lib/librmw_dds_common__rosidl_generator_c.so
[0.895s] 	/opt/ros/foxy/lib/librmw_dds_common__rosidl_typesupport_c.so
[0.895s] 	/opt/ros/foxy/lib/librmw_dds_common__rosidl_typesupport_connext_c.so
[0.895s] 	/opt/ros/foxy/lib/librmw_dds_common__rosidl_typesupport_connext_cpp.so
[0.895s] 	/opt/ros/foxy/lib/librmw_dds_common__rosidl_typesupport_cpp.so
[0.895s] 	/opt/ros/foxy/lib/librmw_dds_common__rosidl_typesupport_fastrtps_c.so
[0.895s] 	/opt/ros/foxy/lib/librmw_dds_common__rosidl_typesupport_fastrtps_cpp.so
[0.895s] 	/opt/ros/foxy/lib/librmw_dds_common__rosidl_typesupport_introspection_c.so
[0.895s] 	/opt/ros/foxy/lib/librmw_dds_common__rosidl_typesupport_introspection_cpp.so
[0.895s] 	/opt/ros/foxy/lib/librmw_fastrtps_cpp.so
[0.895s] 	/opt/ros/foxy/lib/librmw_fastrtps_shared_cpp.so
[0.896s] 	/opt/ros/foxy/lib/librmw_implementation.so
[0.896s] 	/opt/ros/foxy/lib/librobot_state_publisher_node.so
[0.896s] 	/opt/ros/foxy/lib/libros1_bridge.so
[0.896s] 	/opt/ros/foxy/lib/librosbag2_compression.so
[0.896s] 	/opt/ros/foxy/lib/librosbag2_compression_zstd.so
[0.896s] 	/opt/ros/foxy/lib/librosbag2_converter_default_plugins.so
[0.896s] 	/opt/ros/foxy/lib/librosbag2_cpp.so
[0.896s] 	/opt/ros/foxy/lib/librosbag2_storage.so
[0.896s] 	/opt/ros/foxy/lib/librosbag2_storage_default_plugins.so
[0.896s] 	/opt/ros/foxy/lib/librosbag2_transport.so
[0.896s] 	/opt/ros/foxy/lib/librosgraph_msgs__python.so
[0.896s] 	/opt/ros/foxy/lib/librosgraph_msgs__rosidl_generator_c.so
[0.896s] 	/opt/ros/foxy/lib/librosgraph_msgs__rosidl_typesupport_c.so
[0.896s] 	/opt/ros/foxy/lib/librosgraph_msgs__rosidl_typesupport_connext_c.so
[0.896s] 	/opt/ros/foxy/lib/librosgraph_msgs__rosidl_typesupport_connext_cpp.so
[0.897s] 	/opt/ros/foxy/lib/librosgraph_msgs__rosidl_typesupport_cpp.so
[0.897s] 	/opt/ros/foxy/lib/librosgraph_msgs__rosidl_typesupport_fastrtps_c.so
[0.897s] 	/opt/ros/foxy/lib/librosgraph_msgs__rosidl_typesupport_fastrtps_cpp.so
[0.897s] 	/opt/ros/foxy/lib/librosgraph_msgs__rosidl_typesupport_introspection_c.so
[0.897s] 	/opt/ros/foxy/lib/librosgraph_msgs__rosidl_typesupport_introspection_cpp.so
[0.897s] 	/opt/ros/foxy/lib/librosidl_runtime_c.so
[0.897s] 	/opt/ros/foxy/lib/librosidl_typesupport_c.so
[0.897s] 	/opt/ros/foxy/lib/librosidl_typesupport_cpp.so
[0.897s] 	/opt/ros/foxy/lib/librosidl_typesupport_fastrtps_c.so
[0.897s] 	/opt/ros/foxy/lib/librosidl_typesupport_fastrtps_cpp.so
[0.897s] 	/opt/ros/foxy/lib/librosidl_typesupport_introspection_c.so
[0.897s] 	/opt/ros/foxy/lib/librosidl_typesupport_introspection_cpp.so
[0.897s] 	/opt/ros/foxy/lib/librqt_gui_cpp.so
[0.897s] 	/opt/ros/foxy/lib/librttest.so
[0.897s] 	/opt/ros/foxy/lib/librviz_common.so
[0.898s] 	/opt/ros/foxy/lib/librviz_default_plugins.so
[0.898s] 	/opt/ros/foxy/lib/librviz_rendering.so
[0.898s] 	/opt/ros/foxy/lib/libsensor_msgs__python.so
[0.898s] 	/opt/ros/foxy/lib/libsensor_msgs__rosidl_generator_c.so
[0.898s] 	/opt/ros/foxy/lib/libsensor_msgs__rosidl_typesupport_c.so
[0.898s] 	/opt/ros/foxy/lib/libsensor_msgs__rosidl_typesupport_connext_c.so
[0.898s] 	/opt/ros/foxy/lib/libsensor_msgs__rosidl_typesupport_connext_cpp.so
[0.898s] 	/opt/ros/foxy/lib/libsensor_msgs__rosidl_typesupport_cpp.so
[0.898s] 	/opt/ros/foxy/lib/libsensor_msgs__rosidl_typesupport_fastrtps_c.so
[0.898s] 	/opt/ros/foxy/lib/libsensor_msgs__rosidl_typesupport_fastrtps_cpp.so
[0.898s] 	/opt/ros/foxy/lib/libsensor_msgs__rosidl_typesupport_introspection_c.so
[0.898s] 	/opt/ros/foxy/lib/libsensor_msgs__rosidl_typesupport_introspection_cpp.so
[0.898s] 	/opt/ros/foxy/lib/libsensors_lib.so
[0.898s] 	/opt/ros/foxy/lib/libserver_component.so
[0.898s] 	/opt/ros/foxy/lib/libservices_library.so
[0.899s] 	/opt/ros/foxy/lib/libshape_msgs__python.so
[0.899s] 	/opt/ros/foxy/lib/libshape_msgs__rosidl_generator_c.so
[0.899s] 	/opt/ros/foxy/lib/libshape_msgs__rosidl_typesupport_c.so
[0.899s] 	/opt/ros/foxy/lib/libshape_msgs__rosidl_typesupport_connext_c.so
[0.899s] 	/opt/ros/foxy/lib/libshape_msgs__rosidl_typesupport_connext_cpp.so
[0.899s] 	/opt/ros/foxy/lib/libshape_msgs__rosidl_typesupport_cpp.so
[0.899s] 	/opt/ros/foxy/lib/libshape_msgs__rosidl_typesupport_fastrtps_c.so
[0.899s] 	/opt/ros/foxy/lib/libshape_msgs__rosidl_typesupport_fastrtps_cpp.so
[0.899s] 	/opt/ros/foxy/lib/libshape_msgs__rosidl_typesupport_introspection_c.so
[0.899s] 	/opt/ros/foxy/lib/libshape_msgs__rosidl_typesupport_introspection_cpp.so
[0.899s] 	/opt/ros/foxy/lib/libsimple_goal_checker.so
[0.899s] 	/opt/ros/foxy/lib/libsimple_progress_checker.so
[0.899s] 	/opt/ros/foxy/lib/libslam_toolbox__python.so
[0.899s] 	/opt/ros/foxy/lib/libslam_toolbox__rosidl_generator_c.so
[0.899s] 	/opt/ros/foxy/lib/libslam_toolbox__rosidl_typesupport_c.so
[0.900s] 	/opt/ros/foxy/lib/libslam_toolbox__rosidl_typesupport_connext_c.so
[0.900s] 	/opt/ros/foxy/lib/libslam_toolbox__rosidl_typesupport_connext_cpp.so
[0.900s] 	/opt/ros/foxy/lib/libslam_toolbox__rosidl_typesupport_cpp.so
[0.900s] 	/opt/ros/foxy/lib/libslam_toolbox__rosidl_typesupport_fastrtps_c.so
[0.900s] 	/opt/ros/foxy/lib/libslam_toolbox__rosidl_typesupport_fastrtps_cpp.so
[0.900s] 	/opt/ros/foxy/lib/libslam_toolbox__rosidl_typesupport_introspection_c.so
[0.900s] 	/opt/ros/foxy/lib/libslam_toolbox__rosidl_typesupport_introspection_cpp.so
[0.900s] 	/opt/ros/foxy/lib/libsmac_planner.so
[0.900s] 	/opt/ros/foxy/lib/libsmac_planner_2d.so
[0.900s] 	/opt/ros/foxy/lib/libstandard_traj_generator.so
[0.900s] 	/opt/ros/foxy/lib/libstatic_transform_broadcaster_node.so
[0.900s] 	/opt/ros/foxy/lib/libstatistics_msgs__python.so
[0.900s] 	/opt/ros/foxy/lib/libstatistics_msgs__rosidl_generator_c.so
[0.901s] 	/opt/ros/foxy/lib/libstatistics_msgs__rosidl_typesupport_c.so
[0.901s] 	/opt/ros/foxy/lib/libstatistics_msgs__rosidl_typesupport_connext_c.so
[0.901s] 	/opt/ros/foxy/lib/libstatistics_msgs__rosidl_typesupport_connext_cpp.so
[0.901s] 	/opt/ros/foxy/lib/libstatistics_msgs__rosidl_typesupport_cpp.so
[0.901s] 	/opt/ros/foxy/lib/libstatistics_msgs__rosidl_typesupport_fastrtps_c.so
[0.901s] 	/opt/ros/foxy/lib/libstatistics_msgs__rosidl_typesupport_fastrtps_cpp.so
[0.901s] 	/opt/ros/foxy/lib/libstatistics_msgs__rosidl_typesupport_introspection_c.so
[0.901s] 	/opt/ros/foxy/lib/libstatistics_msgs__rosidl_typesupport_introspection_cpp.so
[0.901s] 	/opt/ros/foxy/lib/libstd_msgs__python.so
[0.901s] 	/opt/ros/foxy/lib/libstd_msgs__rosidl_generator_c.so
[0.901s] 	/opt/ros/foxy/lib/libstd_msgs__rosidl_typesupport_c.so
[0.901s] 	/opt/ros/foxy/lib/libstd_msgs__rosidl_typesupport_connext_c.so
[0.901s] 	/opt/ros/foxy/lib/libstd_msgs__rosidl_typesupport_connext_cpp.so
[0.901s] 	/opt/ros/foxy/lib/libstd_msgs__rosidl_typesupport_cpp.so
[0.901s] 	/opt/ros/foxy/lib/libstd_msgs__rosidl_typesupport_fastrtps_c.so
[0.902s] 	/opt/ros/foxy/lib/libstd_msgs__rosidl_typesupport_fastrtps_cpp.so
[0.902s] 	/opt/ros/foxy/lib/libstd_msgs__rosidl_typesupport_introspection_c.so
[0.902s] 	/opt/ros/foxy/lib/libstd_msgs__rosidl_typesupport_introspection_cpp.so
[0.902s] 	/opt/ros/foxy/lib/libstd_srvs__python.so
[0.902s] 	/opt/ros/foxy/lib/libstd_srvs__rosidl_generator_c.so
[0.902s] 	/opt/ros/foxy/lib/libstd_srvs__rosidl_typesupport_c.so
[0.902s] 	/opt/ros/foxy/lib/libstd_srvs__rosidl_typesupport_connext_c.so
[0.902s] 	/opt/ros/foxy/lib/libstd_srvs__rosidl_typesupport_connext_cpp.so
[0.902s] 	/opt/ros/foxy/lib/libstd_srvs__rosidl_typesupport_cpp.so
[0.902s] 	/opt/ros/foxy/lib/libstd_srvs__rosidl_typesupport_fastrtps_c.so
[0.902s] 	/opt/ros/foxy/lib/libstd_srvs__rosidl_typesupport_fastrtps_cpp.so
[0.902s] 	/opt/ros/foxy/lib/libstd_srvs__rosidl_typesupport_introspection_c.so
[0.902s] 	/opt/ros/foxy/lib/libstd_srvs__rosidl_typesupport_introspection_cpp.so
[0.902s] 	/opt/ros/foxy/lib/libstereo_msgs__python.so
[0.902s] 	/opt/ros/foxy/lib/libstereo_msgs__rosidl_generator_c.so
[0.903s] 	/opt/ros/foxy/lib/libstereo_msgs__rosidl_typesupport_c.so
[0.903s] 	/opt/ros/foxy/lib/libstereo_msgs__rosidl_typesupport_connext_c.so
[0.903s] 	/opt/ros/foxy/lib/libstereo_msgs__rosidl_typesupport_connext_cpp.so
[0.903s] 	/opt/ros/foxy/lib/libstereo_msgs__rosidl_typesupport_cpp.so
[0.903s] 	/opt/ros/foxy/lib/libstereo_msgs__rosidl_typesupport_fastrtps_c.so
[0.903s] 	/opt/ros/foxy/lib/libstereo_msgs__rosidl_typesupport_fastrtps_cpp.so
[0.903s] 	/opt/ros/foxy/lib/libstereo_msgs__rosidl_typesupport_introspection_c.so
[0.903s] 	/opt/ros/foxy/lib/libstereo_msgs__rosidl_typesupport_introspection_cpp.so
[0.903s] 	/opt/ros/foxy/lib/libstopped_goal_checker.so
[0.903s] 	/opt/ros/foxy/lib/libsync_slam_toolbox.so
[0.903s] 	/opt/ros/foxy/lib/libtalker_component.so
[0.903s] 	/opt/ros/foxy/lib/libtalker_native.so
[0.903s] 	/opt/ros/foxy/lib/libteleop_twist_joy.so
[0.903s] 	/opt/ros/foxy/lib/libtest_msgs__python.so
[0.903s] 	/opt/ros/foxy/lib/libtest_msgs__rosidl_generator_c.so
[0.903s] 	/opt/ros/foxy/lib/libtest_msgs__rosidl_typesupport_c.so
[0.904s] 	/opt/ros/foxy/lib/libtest_msgs__rosidl_typesupport_connext_c.so
[0.904s] 	/opt/ros/foxy/lib/libtest_msgs__rosidl_typesupport_connext_cpp.so
[0.904s] 	/opt/ros/foxy/lib/libtest_msgs__rosidl_typesupport_cpp.so
[0.904s] 	/opt/ros/foxy/lib/libtest_msgs__rosidl_typesupport_fastrtps_c.so
[0.904s] 	/opt/ros/foxy/lib/libtest_msgs__rosidl_typesupport_fastrtps_cpp.so
[0.904s] 	/opt/ros/foxy/lib/libtest_msgs__rosidl_typesupport_introspection_c.so
[0.904s] 	/opt/ros/foxy/lib/libtest_msgs__rosidl_typesupport_introspection_cpp.so
[0.904s] 	/opt/ros/foxy/lib/libtest_plugin.so
[0.904s] 	/opt/ros/foxy/lib/libtf2.so
[0.904s] 	/opt/ros/foxy/lib/libtf2_msgs__python.so
[0.904s] 	/opt/ros/foxy/lib/libtf2_msgs__rosidl_generator_c.so
[0.904s] 	/opt/ros/foxy/lib/libtf2_msgs__rosidl_typesupport_c.so
[0.904s] 	/opt/ros/foxy/lib/libtf2_msgs__rosidl_typesupport_connext_c.so
[0.904s] 	/opt/ros/foxy/lib/libtf2_msgs__rosidl_typesupport_connext_cpp.so
[0.904s] 	/opt/ros/foxy/lib/libtf2_msgs__rosidl_typesupport_cpp.so
[0.904s] 	/opt/ros/foxy/lib/libtf2_msgs__rosidl_typesupport_fastrtps_c.so
[0.905s] 	/opt/ros/foxy/lib/libtf2_msgs__rosidl_typesupport_fastrtps_cpp.so
[0.905s] 	/opt/ros/foxy/lib/libtf2_msgs__rosidl_typesupport_introspection_c.so
[0.905s] 	/opt/ros/foxy/lib/libtf2_msgs__rosidl_typesupport_introspection_cpp.so
[0.905s] 	/opt/ros/foxy/lib/libtf2_ros.so
[0.905s] 	/opt/ros/foxy/lib/libtf_help.so
[0.905s] 	/opt/ros/foxy/lib/libtimers_library.so
[0.905s] 	/opt/ros/foxy/lib/libtoolbox_common.so
[0.905s] 	/opt/ros/foxy/lib/libtopics_library.so
[0.905s] 	/opt/ros/foxy/lib/libtracetools.so
[0.905s] 	/opt/ros/foxy/lib/libtrajectory_msgs__python.so
[0.905s] 	/opt/ros/foxy/lib/libtrajectory_msgs__rosidl_generator_c.so
[0.905s] 	/opt/ros/foxy/lib/libtrajectory_msgs__rosidl_typesupport_c.so
[0.905s] 	/opt/ros/foxy/lib/libtrajectory_msgs__rosidl_typesupport_connext_c.so
[0.905s] 	/opt/ros/foxy/lib/libtrajectory_msgs__rosidl_typesupport_connext_cpp.so
[0.905s] 	/opt/ros/foxy/lib/libtrajectory_msgs__rosidl_typesupport_cpp.so
[0.906s] 	/opt/ros/foxy/lib/libtrajectory_msgs__rosidl_typesupport_fastrtps_c.so
[0.906s] 	/opt/ros/foxy/lib/libtrajectory_msgs__rosidl_typesupport_fastrtps_cpp.so
[0.906s] 	/opt/ros/foxy/lib/libtrajectory_msgs__rosidl_typesupport_introspection_c.so
[0.906s] 	/opt/ros/foxy/lib/libtrajectory_msgs__rosidl_typesupport_introspection_cpp.so
[0.906s] 	/opt/ros/foxy/lib/libturtlebot3_msgs__python.so
[0.906s] 	/opt/ros/foxy/lib/libturtlebot3_msgs__rosidl_generator_c.so
[0.906s] 	/opt/ros/foxy/lib/libturtlebot3_msgs__rosidl_typesupport_c.so
[0.906s] 	/opt/ros/foxy/lib/libturtlebot3_msgs__rosidl_typesupport_connext_c.so
[0.906s] 	/opt/ros/foxy/lib/libturtlebot3_msgs__rosidl_typesupport_connext_cpp.so
[0.906s] 	/opt/ros/foxy/lib/libturtlebot3_msgs__rosidl_typesupport_cpp.so
[0.906s] 	/opt/ros/foxy/lib/libturtlebot3_msgs__rosidl_typesupport_fastrtps_c.so
[0.906s] 	/opt/ros/foxy/lib/libturtlebot3_msgs__rosidl_typesupport_fastrtps_cpp.so
[0.906s] 	/opt/ros/foxy/lib/libturtlebot3_msgs__rosidl_typesupport_introspection_c.so
[0.906s] 	/opt/ros/foxy/lib/libturtlebot3_msgs__rosidl_typesupport_introspection_cpp.so
[0.906s] 	/opt/ros/foxy/lib/libturtlesim__python.so
[0.907s] 	/opt/ros/foxy/lib/libturtlesim__rosidl_generator_c.so
[0.907s] 	/opt/ros/foxy/lib/libturtlesim__rosidl_typesupport_c.so
[0.907s] 	/opt/ros/foxy/lib/libturtlesim__rosidl_typesupport_connext_c.so
[0.907s] 	/opt/ros/foxy/lib/libturtlesim__rosidl_typesupport_connext_cpp.so
[0.907s] 	/opt/ros/foxy/lib/libturtlesim__rosidl_typesupport_cpp.so
[0.907s] 	/opt/ros/foxy/lib/libturtlesim__rosidl_typesupport_fastrtps_c.so
[0.907s] 	/opt/ros/foxy/lib/libturtlesim__rosidl_typesupport_fastrtps_cpp.so
[0.907s] 	/opt/ros/foxy/lib/libturtlesim__rosidl_typesupport_introspection_c.so
[0.907s] 	/opt/ros/foxy/lib/libturtlesim__rosidl_typesupport_introspection_cpp.so
[0.907s] 	/opt/ros/foxy/lib/libunique_identifier_msgs__python.so
[0.907s] 	/opt/ros/foxy/lib/libunique_identifier_msgs__rosidl_generator_c.so
[0.907s] 	/opt/ros/foxy/lib/libunique_identifier_msgs__rosidl_typesupport_c.so
[0.907s] 	/opt/ros/foxy/lib/libunique_identifier_msgs__rosidl_typesupport_connext_c.so
[0.907s] 	/opt/ros/foxy/lib/libunique_identifier_msgs__rosidl_typesupport_connext_cpp.so
[0.907s] 	/opt/ros/foxy/lib/libunique_identifier_msgs__rosidl_typesupport_cpp.so
[0.907s] 	/opt/ros/foxy/lib/libunique_identifier_msgs__rosidl_typesupport_fastrtps_c.so
[0.908s] 	/opt/ros/foxy/lib/libunique_identifier_msgs__rosidl_typesupport_fastrtps_cpp.so
[0.908s] 	/opt/ros/foxy/lib/libunique_identifier_msgs__rosidl_typesupport_introspection_c.so
[0.908s] 	/opt/ros/foxy/lib/libunique_identifier_msgs__rosidl_typesupport_introspection_cpp.so
[0.908s] 	/opt/ros/foxy/lib/liburdf.so
[0.908s] 	/opt/ros/foxy/lib/libvisualization_msgs__python.so
[0.908s] 	/opt/ros/foxy/lib/libvisualization_msgs__rosidl_generator_c.so
[0.908s] 	/opt/ros/foxy/lib/libvisualization_msgs__rosidl_typesupport_c.so
[0.908s] 	/opt/ros/foxy/lib/libvisualization_msgs__rosidl_typesupport_connext_c.so
[0.908s] 	/opt/ros/foxy/lib/libvisualization_msgs__rosidl_typesupport_connext_cpp.so
[0.908s] 	/opt/ros/foxy/lib/libvisualization_msgs__rosidl_typesupport_cpp.so
[0.908s] 	/opt/ros/foxy/lib/libvisualization_msgs__rosidl_typesupport_fastrtps_c.so
[0.908s] 	/opt/ros/foxy/lib/libvisualization_msgs__rosidl_typesupport_fastrtps_cpp.so
[0.908s] 	/opt/ros/foxy/lib/libvisualization_msgs__rosidl_typesupport_introspection_c.so
[0.908s] 	/opt/ros/foxy/lib/libvisualization_msgs__rosidl_typesupport_introspection_cpp.so
[0.908s] 	/opt/ros/foxy/lib/libvoxel_grid.so
[0.909s] 	/opt/ros/foxy/lib/libwaypoint_follower_core.so
[0.909s] 	/opt/ros/foxy/lib/libwebots_ros2_msgs__python.so
[0.909s] 	/opt/ros/foxy/lib/libwebots_ros2_msgs__rosidl_generator_c.so
[0.909s] 	/opt/ros/foxy/lib/libwebots_ros2_msgs__rosidl_typesupport_c.so
[0.909s] 	/opt/ros/foxy/lib/libwebots_ros2_msgs__rosidl_typesupport_connext_c.so
[0.909s] 	/opt/ros/foxy/lib/libwebots_ros2_msgs__rosidl_typesupport_connext_cpp.so
[0.909s] 	/opt/ros/foxy/lib/libwebots_ros2_msgs__rosidl_typesupport_cpp.so
[0.909s] 	/opt/ros/foxy/lib/libwebots_ros2_msgs__rosidl_typesupport_fastrtps_c.so
[0.909s] 	/opt/ros/foxy/lib/libwebots_ros2_msgs__rosidl_typesupport_fastrtps_cpp.so
[0.909s] 	/opt/ros/foxy/lib/libwebots_ros2_msgs__rosidl_typesupport_introspection_c.so
[0.909s] 	/opt/ros/foxy/lib/libwebots_ros2_msgs__rosidl_typesupport_introspection_cpp.so
[0.909s] 	/opt/ros/foxy/lib/libyaml.so
[0.909s] 	/opt/ros/foxy/lib/libzstd.so
[0.909s] 	/usr/local/webots/lib/controller/libController.so
[0.909s] 	/usr/local/webots/lib/controller/libCppCar.so
[0.909s] 	/usr/local/webots/lib/controller/libCppController.so
[0.910s] 	/usr/local/webots/lib/controller/libCppDriver.so
[0.910s] 	/usr/local/webots/lib/controller/libcar.so
[0.910s] 	/usr/local/webots/lib/controller/libdriver.so
[0.910s] 	/usr/lib/x86_64-linux-gnu/libopencv_aruco.so
[0.910s] 	/usr/lib/x86_64-linux-gnu/libopencv_bgsegm.so
[0.910s] 	/usr/lib/x86_64-linux-gnu/libopencv_bioinspired.so
[0.910s] 	/usr/lib/x86_64-linux-gnu/libopencv_calib3d.so
[0.910s] 	/usr/lib/x86_64-linux-gnu/libopencv_ccalib.so
[0.910s] 	/usr/lib/x86_64-linux-gnu/libopencv_core.so
[0.910s] 	/usr/lib/x86_64-linux-gnu/libopencv_datasets.so
[0.910s] 	/usr/lib/x86_64-linux-gnu/libopencv_dnn.so
[0.910s] 	/usr/lib/x86_64-linux-gnu/libopencv_dnn_objdetect.so
[0.910s] 	/usr/lib/x86_64-linux-gnu/libopencv_dnn_superres.so
[0.911s] 	/usr/lib/x86_64-linux-gnu/libopencv_dpm.so
[0.911s] 	/usr/lib/x86_64-linux-gnu/libopencv_face.so
[0.911s] 	/usr/lib/x86_64-linux-gnu/libopencv_features2d.so
[0.911s] 	/usr/lib/x86_64-linux-gnu/libopencv_flann.so
[0.911s] 	/usr/lib/x86_64-linux-gnu/libopencv_freetype.so
[0.911s] 	/usr/lib/x86_64-linux-gnu/libopencv_fuzzy.so
[0.911s] 	/usr/lib/x86_64-linux-gnu/libopencv_hdf.so
[0.911s] 	/usr/lib/x86_64-linux-gnu/libopencv_hfs.so
[0.911s] 	/usr/lib/x86_64-linux-gnu/libopencv_highgui.so
[0.911s] 	/usr/lib/x86_64-linux-gnu/libopencv_img_hash.so
[0.911s] 	/usr/lib/x86_64-linux-gnu/libopencv_imgcodecs.so
[0.911s] 	/usr/lib/x86_64-linux-gnu/libopencv_imgproc.so
[0.911s] 	/usr/lib/x86_64-linux-gnu/libopencv_line_descriptor.so
[0.911s] 	/usr/lib/x86_64-linux-gnu/libopencv_ml.so
[0.911s] 	/usr/lib/x86_64-linux-gnu/libopencv_objdetect.so
[0.911s] 	/usr/lib/x86_64-linux-gnu/libopencv_optflow.so
[0.912s] 	/usr/lib/x86_64-linux-gnu/libopencv_phase_unwrapping.so
[0.912s] 	/usr/lib/x86_64-linux-gnu/libopencv_photo.so
[0.912s] 	/usr/lib/x86_64-linux-gnu/libopencv_plot.so
[0.912s] 	/usr/lib/x86_64-linux-gnu/libopencv_quality.so
[0.912s] 	/usr/lib/x86_64-linux-gnu/libopencv_reg.so
[0.912s] 	/usr/lib/x86_64-linux-gnu/libopencv_rgbd.so
[0.912s] 	/usr/lib/x86_64-linux-gnu/libopencv_saliency.so
[0.912s] 	/usr/lib/x86_64-linux-gnu/libopencv_shape.so
[0.912s] 	/usr/lib/x86_64-linux-gnu/libopencv_stereo.so
[0.912s] 	/usr/lib/x86_64-linux-gnu/libopencv_stitching.so
[0.912s] 	/usr/lib/x86_64-linux-gnu/libopencv_structured_light.so
[0.912s] 	/usr/lib/x86_64-linux-gnu/libopencv_superres.so
[0.912s] 	/usr/lib/x86_64-linux-gnu/libopencv_surface_matching.so
[0.912s] 	/usr/lib/x86_64-linux-gnu/libopencv_text.so
[0.912s] 	/usr/lib/x86_64-linux-gnu/libopencv_tracking.so
[0.912s] 	/usr/lib/x86_64-linux-gnu/libopencv_video.so
[0.913s] 	/usr/lib/x86_64-linux-gnu/libopencv_videoio.so
[0.913s] 	/usr/lib/x86_64-linux-gnu/libopencv_videostab.so
[0.913s] 	/usr/lib/x86_64-linux-gnu/libopencv_viz.so
[0.913s] 	/usr/lib/x86_64-linux-gnu/libopencv_ximgproc.so
[0.913s] 	/usr/lib/x86_64-linux-gnu/libopencv_xobjdetect.so
[0.913s] 	/usr/lib/x86_64-linux-gnu/libopencv_xphoto.so
[0.913s] 	/usr/lib/x86_64-linux-gnu/libQt5Charts.so.5
[0.913s] 	/usr/lib/x86_64-linux-gnu/libQt5Concurrent.so.5
[0.913s] 	/usr/lib/x86_64-linux-gnu/libQt5Core.so.5
[0.913s] 	/usr/lib/x86_64-linux-gnu/libQt5DBus.so.5
[0.913s] 	/usr/lib/x86_64-linux-gnu/libQt5DataVisualization.so.5
[0.913s] 	/usr/lib/x86_64-linux-gnu/libQt5Designer.so.5
[0.913s] 	/usr/lib/x86_64-linux-gnu/libQt5DesignerComponents.so.5
[0.913s] 	/usr/lib/x86_64-linux-gnu/libQt5EglFSDeviceIntegration.so.5
[0.913s] 	/usr/lib/x86_64-linux-gnu/libQt5EglFsKmsSupport.so.5
[0.913s] 	/usr/lib/x86_64-linux-gnu/libQt5Gui.so.5
[0.914s] 	/usr/lib/x86_64-linux-gnu/libQt5Help.so.5
[0.914s] 	/usr/lib/x86_64-linux-gnu/libQt5Multimedia.so.5
[0.914s] 	/usr/lib/x86_64-linux-gnu/libQt5MultimediaGstTools.so.5
[0.914s] 	/usr/lib/x86_64-linux-gnu/libQt5MultimediaQuick.so.5
[0.914s] 	/usr/lib/x86_64-linux-gnu/libQt5MultimediaWidgets.so.5
[0.914s] 	/usr/lib/x86_64-linux-gnu/libQt5Network.so.5
[0.914s] 	/usr/lib/x86_64-linux-gnu/libQt5OpenGL.so.5
[0.914s] 	/usr/lib/x86_64-linux-gnu/libQt5Positioning.so.5
[0.914s] 	/usr/lib/x86_64-linux-gnu/libQt5PositioningQuick.so.5
[0.914s] 	/usr/lib/x86_64-linux-gnu/libQt5PrintSupport.so.5
[0.914s] 	/usr/lib/x86_64-linux-gnu/libQt5Qml.so.5
[0.914s] 	/usr/lib/x86_64-linux-gnu/libQt5Quick.so.5
[0.914s] 	/usr/lib/x86_64-linux-gnu/libQt5QuickParticles.so.5
[0.914s] 	/usr/lib/x86_64-linux-gnu/libQt5QuickShapes.so.5
[0.915s] 	/usr/lib/x86_64-linux-gnu/libQt5QuickTest.so.5
[0.915s] 	/usr/lib/x86_64-linux-gnu/libQt5QuickWidgets.so.5
[0.915s] 	/usr/lib/x86_64-linux-gnu/libQt5Script.so.5
[0.915s] 	/usr/lib/x86_64-linux-gnu/libQt5Sensors.so.5
[0.915s] 	/usr/lib/x86_64-linux-gnu/libQt5SerialPort.so.5
[0.915s] 	/usr/lib/x86_64-linux-gnu/libQt5Sql.so.5
[0.915s] 	/usr/lib/x86_64-linux-gnu/libQt5Svg.so.5
[0.915s] 	/usr/lib/x86_64-linux-gnu/libQt5Test.so.5
[0.915s] 	/usr/lib/x86_64-linux-gnu/libQt5WebChannel.so.5
[0.915s] 	/usr/lib/x86_64-linux-gnu/libQt5WebKit.so.5
[0.915s] 	/usr/lib/x86_64-linux-gnu/libQt5WebKitWidgets.so.5
[0.915s] 	/usr/lib/x86_64-linux-gnu/libQt5Widgets.so.5
[0.915s] 	/usr/lib/x86_64-linux-gnu/libQt5X11Extras.so.5
[0.915s] 	/usr/lib/x86_64-linux-gnu/libQt5XcbQpa.so.5
[0.915s] 	/usr/lib/x86_64-linux-gnu/libQt5Xml.so.5
[0.915s] 	/usr/lib/x86_64-linux-gnu/libQt5XmlPatterns.so.5
[0.915s] 	/usr/lib/x86_64-linux-gnu/libgflags.so
[0.916s] 	/usr/lib/x86_64-linux-gnu/libgflags_nothreads.so
[0.916s] 	/usr/lib/x86_64-linux-gnu/libglog.so
[0.916s] 	/usr/lib/libceres.so
[0.916s] Unlinked libraries
[0.916s] -- Found rosidl_default_generators: 1.0.0 (/opt/ros/foxy/share/rosidl_default_generators/cmake)
[0.916s] -- Found ament_cmake_core: 0.9.8 (/opt/ros/foxy/share/ament_cmake_core/cmake)
[0.916s] -- Found PythonInterp: /usr/bin/python3 (found suitable version "3.8.5", minimum required is "3") 
[0.916s] -- Using PYTHON_EXECUTABLE: /usr/bin/python3
[1.082s] -- Using all available rosidl_typesupport_c: rosidl_typesupport_fastrtps_c;rosidl_typesupport_introspection_c
[1.091s] -- Found rosidl_adapter: 1.2.0 (/opt/ros/foxy/share/rosidl_adapter/cmake)
[1.219s] -- Found OpenSSL: /usr/lib/x86_64-linux-gnu/libcrypto.so (found version "1.1.1f")  
[1.253s] -- Found FastRTPS: /opt/ros/foxy/include  
[1.340s] -- Using all available rosidl_typesupport_cpp: rosidl_typesupport_fastrtps_cpp;rosidl_typesupport_introspection_cpp
[1.430s] -- Configuring done
[1.702s] CMake Warning at CMakeLists.txt:29 (add_executable):
[1.702s]   Cannot generate a safe runtime search path for target rplidarNodeClient
[1.702s]   because files in some directories may conflict with libraries in implicit
[1.702s]   directories:
[1.702s] 
[1.702s]     runtime library [liboctomap.so.1.9] in /usr/lib/x86_64-linux-gnu may be hidden by files in:
[1.702s]       /opt/ros/foxy/lib
[1.703s]     runtime library [liboctomath.so.1.9] in /usr/lib/x86_64-linux-gnu may be hidden by files in:
[1.703s]       /opt/ros/foxy/lib
[1.703s]     runtime library [liboctovis.so.1.9] in /usr/lib/x86_64-linux-gnu may be hidden by files in:
[1.703s]       /opt/ros/foxy/lib
[1.703s]     runtime library [libdynamicedt3d.so.1.9] in /usr/lib/x86_64-linux-gnu may be hidden by files in:
[1.703s]       /opt/ros/foxy/lib
[1.703s] 
[1.703s]   Some of these libraries may not be found correctly.
[1.703s] 
[1.703s] 
[1.968s] CMake Warning at CMakeLists.txt:27 (add_executable):
[1.968s]   Cannot generate a safe runtime search path for target rplidarNode because
[1.968s]   files in some directories may conflict with libraries in implicit
[1.968s]   directories:
[1.968s] 
[1.969s]     runtime library [liboctomap.so.1.9] in /usr/lib/x86_64-linux-gnu may be hidden by files in:
[1.969s]       /opt/ros/foxy/lib
[1.969s]     runtime library [liboctomath.so.1.9] in /usr/lib/x86_64-linux-gnu may be hidden by files in:
[1.969s]       /opt/ros/foxy/lib
[1.969s]     runtime library [liboctovis.so.1.9] in /usr/lib/x86_64-linux-gnu may be hidden by files in:
[1.969s]       /opt/ros/foxy/lib
[1.969s]     runtime library [libdynamicedt3d.so.1.9] in /usr/lib/x86_64-linux-gnu may be hidden by files in:
[1.969s]       /opt/ros/foxy/lib
[1.969s] 
[1.969s]   Some of these libraries may not be found correctly.
[1.969s] 
[1.969s] 
[1.974s] -- Generating done
[1.975s] -- Build files have been written to: /root/app/ros2ex/rplidar_ros2/out/build/rplidar_ros2
[1.985s] Invoked command in '/root/app/ros2ex/rplidar_ros2/out/build/rplidar_ros2' returned '0': CMAKE_PREFIX_PATH=/opt/ros/foxy /usr/bin/cmake /root/app/ros2ex/rplidar_ros2 -DCOMMON_CMAKE=/root/app/include/cscv/cmaker/cscv.cmake -DCMAKE_INSTALL_PREFIX=/root/app/ros2ex/rplidar_ros2/out/install
[1.988s] Invoking command in '/root/app/ros2ex/rplidar_ros2/out/build/rplidar_ros2': CMAKE_PREFIX_PATH=/opt/ros/foxy /usr/bin/cmake --build /root/app/ros2ex/rplidar_ros2/out/build/rplidar_ros2 -- -j4 -l4
[2.034s] [35m[1mScanning dependencies of target rplidarNodeClient[0m
[2.034s] [35m[1mScanning dependencies of target rplidarNode[0m
[2.151s] [ 12%] [32mBuilding CXX object CMakeFiles/rplidarNodeClient.dir/src/client.cpp.o[0m
[2.156s] [ 25%] [32mBuilding CXX object CMakeFiles/rplidarNode.dir/src/node.cpp.o[0m
[2.160s] [ 50%] [32mBuilding CXX object CMakeFiles/rplidarNode.dir/sdk/src/arch/linux/net_serial.cpp.o[0m
[2.160s] [ 50%] [32mBuilding CXX object CMakeFiles/rplidarNode.dir/sdk/src/arch/linux/timer.cpp.o[0m
[2.308s] In file included from [01m[K/root/app/ros2ex/rplidar_ros2/./sdk/include/maros.h:190[m[K,
[2.308s]                  from [01m[K/root/app/ros2ex/rplidar_ros2/src/client.cpp:41[m[K:
[2.308s] [01m[K/opt/ros/foxy/include/sensor_msgs/point_cloud_conversion.hpp:51:6:[m[K [01;35m[Kwarning: [m[K#warning POINT_CLOUD_DEPRECATION_MESSAGE [[01;35m[K-Wcpp[m[K]
[2.308s]    51 | #    [01;35m[Kwarning[m[K POINT_CLOUD_DEPRECATION_MESSAGE
[2.308s]       |      [01;35m[K^~~~~~~[m[K
[2.309s] In file included from [01m[K/root/app/ros2ex/rplidar_ros2/./sdk/include/maros.h:190[m[K,
[2.309s]                  from [01m[K/root/app/ros2ex/rplidar_ros2/src/node.cpp:39[m[K:
[2.309s] [01m[K/opt/ros/foxy/include/sensor_msgs/point_cloud_conversion.hpp:51:6:[m[K [01;35m[Kwarning: [m[K#warning POINT_CLOUD_DEPRECATION_MESSAGE [[01;35m[K-Wcpp[m[K]
[2.309s]    51 | #    [01;35m[Kwarning[m[K POINT_CLOUD_DEPRECATION_MESSAGE
[2.309s]       |      [01;35m[K^~~~~~~[m[K
[2.598s] [ 62%] [32mBuilding CXX object CMakeFiles/rplidarNode.dir/sdk/src/hal/thread.cpp.o[0m
[2.644s] [ 75%] [32mBuilding CXX object CMakeFiles/rplidarNode.dir/sdk/src/rplidar_driver.cpp.o[0m
[5.009s] [01m[K/root/app/ros2ex/rplidar_ros2/src/client.cpp:48:67:[m[K [01;35m[Kwarning: [m[K[01m[Ksensor_msgs::msg::LaserScan_<std::allocator<void> >::ConstPtr[m[K is deprecated [[01;35m[K-Wdeprecated-declarations[m[K]
[5.010s]    48 | void scanCallback(const sensor_msgs::msg::LaserScan::ConstPtr scan[01;35m[K)[m[K
[5.010s]       |                                                                   [01;35m[K^[m[K
[5.010s] In file included from [01m[K/opt/ros/foxy/include/sensor_msgs/msg/laser_scan.hpp:7[m[K,
[5.010s]                  from [01m[K/root/app/ros2ex/rplidar_ros2/./sdk/include/maros.h:197[m[K,
[5.010s]                  from [01m[K/root/app/ros2ex/rplidar_ros2/src/client.cpp:41[m[K:
[5.010s] [01m[K/opt/ros/foxy/include/sensor_msgs/msg/detail/laser_scan__struct.hpp:202:5:[m[K [01;36m[Knote: [m[Kdeclared here
[5.010s]   202 |     [01;36m[KConstPtr[m[K;
[5.010s]       |     [01;36m[K^~~~~~~~[m[K
[7.925s] [ 87%] [32m[1mLinking CXX executable ../../rplidarNode[0m
[8.661s] [ 87%] Built target rplidarNode
[9.606s] [100%] [32m[1mLinking CXX executable ../../rplidarNodeClient[0m
[10.336s] [100%] Built target rplidarNodeClient
[10.348s] Invoked command in '/root/app/ros2ex/rplidar_ros2/out/build/rplidar_ros2' returned '0': CMAKE_PREFIX_PATH=/opt/ros/foxy /usr/bin/cmake --build /root/app/ros2ex/rplidar_ros2/out/build/rplidar_ros2 -- -j4 -l4
[10.395s] Invoking command in '/root/app/ros2ex/rplidar_ros2/out/build/rplidar_ros2': CMAKE_PREFIX_PATH=/opt/ros/foxy /usr/bin/cmake --install /root/app/ros2ex/rplidar_ros2/out/build/rplidar_ros2
[10.404s] -- Install configuration: ""
[10.404s] -- Installing: /root/app/ros2ex/rplidar_ros2/out/install/lib/rplidar_ros2/rplidarNode
[10.405s] -- Set runtime path of "/root/app/ros2ex/rplidar_ros2/out/install/lib/rplidar_ros2/rplidarNode" to ""
[10.406s] -- Installing: /root/app/ros2ex/rplidar_ros2/out/install/lib/rplidar_ros2/rplidarNodeClient
[10.409s] -- Set runtime path of "/root/app/ros2ex/rplidar_ros2/out/install/lib/rplidar_ros2/rplidarNodeClient" to ""
[10.409s] -- Installing: /root/app/ros2ex/rplidar_ros2/out/install/share/rplidar_ros2/launch
[10.409s] -- Installing: /root/app/ros2ex/rplidar_ros2/out/install/share/rplidar_ros2/launch/view_rplidar.launch
[10.409s] -- Installing: /root/app/ros2ex/rplidar_ros2/out/install/share/rplidar_ros2/launch/rplidar.launch.py
[10.409s] -- Installing: /root/app/ros2ex/rplidar_ros2/out/install/share/ament_index/resource_index/package_run_dependencies/rplidar_ros2
[10.468s] -- Installing: /root/app/ros2ex/rplidar_ros2/out/install/share/ament_index/resource_index/parent_prefix_path/rplidar_ros2
[10.469s] -- Installing: /root/app/ros2ex/rplidar_ros2/out/install/share/rplidar_ros2/environment/ament_prefix_path.sh
[10.470s] -- Installing: /root/app/ros2ex/rplidar_ros2/out/install/share/rplidar_ros2/environment/ament_prefix_path.dsv
[10.470s] -- Installing: /root/app/ros2ex/rplidar_ros2/out/install/share/rplidar_ros2/environment/path.sh
[10.471s] -- Installing: /root/app/ros2ex/rplidar_ros2/out/install/share/rplidar_ros2/environment/path.dsv
[10.471s] -- Installing: /root/app/ros2ex/rplidar_ros2/out/install/share/rplidar_ros2/local_setup.bash
[10.472s] -- Installing: /root/app/ros2ex/rplidar_ros2/out/install/share/rplidar_ros2/local_setup.sh
[10.472s] -- Installing: /root/app/ros2ex/rplidar_ros2/out/install/share/rplidar_ros2/local_setup.zsh
[10.472s] -- Installing: /root/app/ros2ex/rplidar_ros2/out/install/share/rplidar_ros2/local_setup.dsv
[10.473s] -- Installing: /root/app/ros2ex/rplidar_ros2/out/install/share/rplidar_ros2/package.dsv
[10.473s] -- Installing: /root/app/ros2ex/rplidar_ros2/out/install/share/ament_index/resource_index/packages/rplidar_ros2
[10.473s] -- Installing: /root/app/ros2ex/rplidar_ros2/out/install/share/rplidar_ros2/cmake/rplidar_ros2Config.cmake
[10.474s] -- Installing: /root/app/ros2ex/rplidar_ros2/out/install/share/rplidar_ros2/cmake/rplidar_ros2Config-version.cmake
[10.474s] -- Installing: /root/app/ros2ex/rplidar_ros2/out/install/share/rplidar_ros2/package.xml
[10.481s] Invoked command in '/root/app/ros2ex/rplidar_ros2/out/build/rplidar_ros2' returned '0': CMAKE_PREFIX_PATH=/opt/ros/foxy /usr/bin/cmake --install /root/app/ros2ex/rplidar_ros2/out/build/rplidar_ros2
